2022-05-18 12:05:767 INFO  HomePage :29 - Mouse Hover to Buy+Sell Tab [[ChromeDriver: chrome on WINDOWS (1ef73c0f7a8a2f7b32028cdd149e003d)] -> xpath: //a[contains(text(),'buy + sell')]]
2022-05-18 12:05:889 INFO  HomePage :34 - Click on Search Cars [[ChromeDriver: chrome on WINDOWS (1ef73c0f7a8a2f7b32028cdd149e003d)] -> xpath: //a[contains(text(),'Search Cars')]]
2022-05-18 12:05:05 INFO  HomePage :29 - Mouse Hover to Buy+Sell Tab [[ChromeDriver: chrome on WINDOWS (c761e18284bba1c0b5b6ad485977ade7)] -> xpath: //a[contains(text(),'buy + sell')]]
2022-05-18 14:05:955 INFO  HomePage :29 - Mouse Hover to Buy+Sell Tab [[ChromeDriver: chrome on WINDOWS (753ab8f5da3a33e9b3625654b56d0882)] -> xpath: //a[contains(text(),'buy + sell')]]
2022-05-18 14:05:24 INFO  NewAndUsedCarSearch :54 - Click on Car Make : [[ChromeDriver: chrome on WINDOWS (753ab8f5da3a33e9b3625654b56d0882)] -> xpath: //select[@id='makes']]
2022-05-18 14:05:62 INFO  NewAndUsedCarSearch :64 - Click on Car Model : [[ChromeDriver: chrome on WINDOWS (753ab8f5da3a33e9b3625654b56d0882)] -> xpath: //select[@id='models']]
2022-05-18 14:05:969 INFO  HomePage :29 - Mouse Hover to Buy+Sell Tab [[ChromeDriver: chrome on WINDOWS (77aff2daa58524d06d443941e2ea8d6c)] -> xpath: //a[contains(text(),'buy + sell')]]
2022-05-18 14:05:71 INFO  HomePage :34 - Click on Search Cars [[ChromeDriver: chrome on WINDOWS (77aff2daa58524d06d443941e2ea8d6c)] -> xpath: //a[contains(text(),'Search Cars')]]
2022-05-18 14:05:648 INFO  NewAndUsedCarSearch :44 - Getting a Page Header for Verification : [[ChromeDriver: chrome on WINDOWS (77aff2daa58524d06d443941e2ea8d6c)] -> xpath: //div[@class='heading main-heading item-ad-wrapper ']/h1]
2022-05-18 14:05:861 INFO  NewAndUsedCarSearch :54 - Click on Car Make : [[ChromeDriver: chrome on WINDOWS (77aff2daa58524d06d443941e2ea8d6c)] -> xpath: //select[@id='makes']]
2022-05-18 14:05:893 INFO  NewAndUsedCarSearch :64 - Click on Car Model : [[ChromeDriver: chrome on WINDOWS (77aff2daa58524d06d443941e2ea8d6c)] -> xpath: //select[@id='models']]
2022-05-18 14:05:922 INFO  NewAndUsedCarSearch :74 - Click on Location : [[ChromeDriver: chrome on WINDOWS (77aff2daa58524d06d443941e2ea8d6c)] -> xpath: //select[@id='locations']]
2022-05-18 14:05:956 INFO  NewAndUsedCarSearch :84 - Click on Price : [[ChromeDriver: chrome on WINDOWS (77aff2daa58524d06d443941e2ea8d6c)] -> xpath: //select[@id='priceTo']]
2022-05-18 14:05:896 INFO  HomePage :29 - Mouse Hover to Buy+Sell Tab [[ChromeDriver: chrome on WINDOWS (4e11d159a85361909b4c6b63d2027647)] -> xpath: //a[contains(text(),'buy + sell')]]
2022-05-18 14:05:957 INFO  NewAndUsedCarSearch :54 - Click on Car Make : [[ChromeDriver: chrome on WINDOWS (4e11d159a85361909b4c6b63d2027647)] -> xpath: //select[@id='makes']]
2022-05-18 14:05:996 INFO  NewAndUsedCarSearch :64 - Click on Car Model : [[ChromeDriver: chrome on WINDOWS (4e11d159a85361909b4c6b63d2027647)] -> xpath: //select[@id='models']]
2022-05-18 14:05:36 INFO  HomePage :29 - Mouse Hover to Buy+Sell Tab [[ChromeDriver: chrome on WINDOWS (5894be13443f23b8f3bfc66a7952603e)] -> xpath: //a[contains(text(),'buy + sell')]]
2022-05-18 14:05:136 INFO  HomePage :34 - Click on Search Cars [[ChromeDriver: chrome on WINDOWS (5894be13443f23b8f3bfc66a7952603e)] -> xpath: //a[contains(text(),'Search Cars')]]
2022-05-18 14:05:147 INFO  NewAndUsedCarSearch :44 - Getting a Page Header for Verification : [[ChromeDriver: chrome on WINDOWS (5894be13443f23b8f3bfc66a7952603e)] -> xpath: //div[@class='heading main-heading item-ad-wrapper ']/h1]
2022-05-18 14:05:414 INFO  NewAndUsedCarSearch :55 - Click on Car Make : [[ChromeDriver: chrome on WINDOWS (5894be13443f23b8f3bfc66a7952603e)] -> xpath: //select[@id='makes']]
2022-05-18 14:05:446 INFO  NewAndUsedCarSearch :65 - Click on Car Model : [[ChromeDriver: chrome on WINDOWS (5894be13443f23b8f3bfc66a7952603e)] -> xpath: //select[@id='models']]
2022-05-18 14:05:474 INFO  NewAndUsedCarSearch :75 - Click on Location : [[ChromeDriver: chrome on WINDOWS (5894be13443f23b8f3bfc66a7952603e)] -> xpath: //select[@id='locations']]
2022-05-18 14:05:510 INFO  NewAndUsedCarSearch :85 - Click on Price : [[ChromeDriver: chrome on WINDOWS (5894be13443f23b8f3bfc66a7952603e)] -> xpath: //select[@id='priceTo']]
2022-05-18 14:05:750 INFO  HomePage :29 - Mouse Hover to Buy+Sell Tab [[ChromeDriver: chrome on WINDOWS (14835c8479d7a7f00a1b16bea12485e2)] -> xpath: //a[contains(text(),'buy + sell')]]
2022-05-18 14:05:965 INFO  HomePage :29 - Mouse Hover to Buy+Sell Tab [[ChromeDriver: chrome on WINDOWS (0fdb4e0a752cabfe82522d1fd846df87)] -> xpath: //a[contains(text(),'buy + sell')]]
2022-05-18 14:05:38 INFO  NewAndUsedCarSearch :55 - Click on Car Make : [[ChromeDriver: chrome on WINDOWS (0fdb4e0a752cabfe82522d1fd846df87)] -> xpath: //select[@id='makes']]
2022-05-18 14:05:74 INFO  NewAndUsedCarSearch :65 - Click on Car Model : [[ChromeDriver: chrome on WINDOWS (0fdb4e0a752cabfe82522d1fd846df87)] -> xpath: //select[@id='models']]
2022-05-18 14:05:378 INFO  HomePage :29 - Mouse Hover to Buy+Sell Tab [[ChromeDriver: chrome on WINDOWS (2899b5173e3473fc3440d1b65382a28a)] -> xpath: //a[contains(text(),'buy + sell')]]
2022-05-18 14:05:512 INFO  HomePage :34 - Click on Search Cars [[ChromeDriver: chrome on WINDOWS (2899b5173e3473fc3440d1b65382a28a)] -> xpath: //a[contains(text(),'Search Cars')]]
2022-05-18 14:05:133 INFO  NewAndUsedCarSearch :44 - Getting a Page Header for Verification : [[ChromeDriver: chrome on WINDOWS (2899b5173e3473fc3440d1b65382a28a)] -> xpath: //div[@class='heading main-heading item-ad-wrapper ']/h1]
2022-05-18 14:05:161 INFO  NewAndUsedCarSearch :55 - Click on Car Make : [[ChromeDriver: chrome on WINDOWS (2899b5173e3473fc3440d1b65382a28a)] -> xpath: //select[@id='makes']]
2022-05-18 14:05:192 INFO  NewAndUsedCarSearch :65 - Click on Car Model : [[ChromeDriver: chrome on WINDOWS (2899b5173e3473fc3440d1b65382a28a)] -> xpath: //select[@id='models']]
2022-05-18 14:05:221 INFO  NewAndUsedCarSearch :75 - Click on Location : [[ChromeDriver: chrome on WINDOWS (2899b5173e3473fc3440d1b65382a28a)] -> xpath: //select[@id='locations']]
2022-05-18 14:05:269 INFO  NewAndUsedCarSearch :85 - Click on Price : [[ChromeDriver: chrome on WINDOWS (2899b5173e3473fc3440d1b65382a28a)] -> xpath: //select[@id='priceTo']]
2022-05-18 14:05:182 INFO  HomePage :29 - Mouse Hover to Buy+Sell Tab [[ChromeDriver: chrome on WINDOWS (161ff97560c126a1195719d98e0735e7)] -> xpath: //a[contains(text(),'buy + sell')]]
2022-05-18 14:05:246 INFO  NewAndUsedCarSearch :55 - Click on Car Make : [[ChromeDriver: chrome on WINDOWS (161ff97560c126a1195719d98e0735e7)] -> xpath: //select[@id='makes']]
2022-05-18 14:05:283 INFO  NewAndUsedCarSearch :65 - Click on Car Model : [[ChromeDriver: chrome on WINDOWS (161ff97560c126a1195719d98e0735e7)] -> xpath: //select[@id='models']]
2022-05-18 14:05:183 INFO  HomePage :29 - Mouse Hover to Buy+Sell Tab [[ChromeDriver: chrome on WINDOWS (c7898363196a66a6e86922e00ad5169e)] -> xpath: //a[contains(text(),'buy + sell')]]
2022-05-18 14:05:287 INFO  HomePage :34 - Click on Search Cars [[ChromeDriver: chrome on WINDOWS (c7898363196a66a6e86922e00ad5169e)] -> xpath: //a[contains(text(),'Search Cars')]]
2022-05-18 14:05:581 INFO  NewAndUsedCarSearch :48 - Getting a Page Header for Verification : [[ChromeDriver: chrome on WINDOWS (c7898363196a66a6e86922e00ad5169e)] -> xpath: //div[@class='heading main-heading item-ad-wrapper ']/h1]
2022-05-18 14:05:897 INFO  NewAndUsedCarSearch :72 - Click on Car Model : [[ChromeDriver: chrome on WINDOWS (c7898363196a66a6e86922e00ad5169e)] -> xpath: //select[@id='models']]
2022-05-18 14:05:943 INFO  NewAndUsedCarSearch :82 - Click on Location : [[ChromeDriver: chrome on WINDOWS (c7898363196a66a6e86922e00ad5169e)] -> xpath: //select[@id='locations']]
2022-05-18 14:05:978 INFO  NewAndUsedCarSearch :92 - Click on Price : [[ChromeDriver: chrome on WINDOWS (c7898363196a66a6e86922e00ad5169e)] -> xpath: //select[@id='priceTo']]
2022-05-18 14:05:161 INFO  HomePage :29 - Mouse Hover to Buy+Sell Tab [[ChromeDriver: chrome on WINDOWS (5712996a81b1ec9e0893baa7b53eabae)] -> xpath: //a[contains(text(),'buy + sell')]]
2022-05-18 14:05:271 INFO  HomePage :34 - Click on Search Cars [[ChromeDriver: chrome on WINDOWS (5712996a81b1ec9e0893baa7b53eabae)] -> xpath: //a[contains(text(),'Search Cars')]]
2022-05-18 14:05:62 INFO  NewAndUsedCarSearch :48 - Getting a Page Header for Verification : [[ChromeDriver: chrome on WINDOWS (5712996a81b1ec9e0893baa7b53eabae)] -> xpath: //div[@class='heading main-heading item-ad-wrapper ']/h1]
2022-05-18 14:05:368 INFO  NewAndUsedCarSearch :64 - Click on Car Make : [[ChromeDriver: chrome on WINDOWS (5712996a81b1ec9e0893baa7b53eabae)] -> xpath: //select[@id='makes']]
2022-05-18 14:05:572 INFO  NewAndUsedCarSearch :78 - Click on Car Model : [[ChromeDriver: chrome on WINDOWS (5712996a81b1ec9e0893baa7b53eabae)] -> xpath: //select[@id='models']]
2022-05-18 14:05:665 INFO  NewAndUsedCarSearch :92 - Click on Location : [[ChromeDriver: chrome on WINDOWS (5712996a81b1ec9e0893baa7b53eabae)] -> xpath: //select[@id='locations']]
2022-05-18 14:05:744 INFO  NewAndUsedCarSearch :106 - Click on Price : [[ChromeDriver: chrome on WINDOWS (5712996a81b1ec9e0893baa7b53eabae)] -> xpath: //select[@id='priceTo']]
2022-05-18 14:05:678 INFO  HomePage :29 - Mouse Hover to Buy+Sell Tab [[ChromeDriver: chrome on WINDOWS (54d738f420b3d636c5e3f96cad1d56b7)] -> xpath: //a[contains(text(),'buy + sell')]]
2022-05-18 14:05:14 INFO  HomePage :32 - Mouse Hover to Buy+Sell Tab [[ChromeDriver: chrome on WINDOWS (164c7c388d1dea428a86d48663876999)] -> xpath: //a[contains(text(),'buy + sell')]]
2022-05-18 14:05:121 INFO  HomePage :37 - Click on Search Cars [[ChromeDriver: chrome on WINDOWS (164c7c388d1dea428a86d48663876999)] -> xpath: //a[contains(text(),'Search Cars')]]
2022-05-18 14:05:300 INFO  NewAndUsedCarSearch :41 - Getting a Page Header for Verification : [[ChromeDriver: chrome on WINDOWS (164c7c388d1dea428a86d48663876999)] -> xpath: //div[@class='heading main-heading item-ad-wrapper ']/h1]
2022-05-18 14:05:415 INFO  NewAndUsedCarSearch :47 - Click on Car Make : [[ChromeDriver: chrome on WINDOWS (164c7c388d1dea428a86d48663876999)] -> xpath: //select[@id='makes']]
2022-05-18 14:05:503 INFO  NewAndUsedCarSearch :52 - Click on Car Model : [[ChromeDriver: chrome on WINDOWS (164c7c388d1dea428a86d48663876999)] -> xpath: //select[@id='models']]
2022-05-18 14:05:591 INFO  NewAndUsedCarSearch :57 - Click on Location : [[ChromeDriver: chrome on WINDOWS (164c7c388d1dea428a86d48663876999)] -> xpath: //select[@id='locations']]
2022-05-18 14:05:676 INFO  NewAndUsedCarSearch :62 - Click on Price : [[ChromeDriver: chrome on WINDOWS (164c7c388d1dea428a86d48663876999)] -> xpath: //select[@id='priceTo']]
2022-05-18 14:05:188 INFO  HomePage :32 - Mouse Hover to Buy+Sell Tab [[ChromeDriver: chrome on WINDOWS (23338cc87f250a37dcfb54b02990c853)] -> xpath: //a[contains(text(),'buy + sell')]]
2022-05-18 14:05:310 INFO  HomePage :42 - Click on Used Cars [[ChromeDriver: chrome on WINDOWS (23338cc87f250a37dcfb54b02990c853)] -> xpath: //div[@class='uhf-child-content']//a[contains(text(),'Used')]]
2022-05-18 15:05:807 INFO  HomePage :32 - Mouse Hover to Buy+Sell Tab [[ChromeDriver: chrome on WINDOWS (d13ade99462847119785b51bfcb2fd05)] -> xpath: //a[contains(text(),'buy + sell')]]
2022-05-18 15:05:915 INFO  HomePage :37 - Click on Search Cars [[ChromeDriver: chrome on WINDOWS (d13ade99462847119785b51bfcb2fd05)] -> xpath: //a[contains(text(),'Search Cars')]]
2022-05-18 15:05:386 INFO  NewAndUsedCarSearch :41 - Getting a Page Header for Verification : [[ChromeDriver: chrome on WINDOWS (d13ade99462847119785b51bfcb2fd05)] -> xpath: //div[@class='heading main-heading item-ad-wrapper ']/h1]
2022-05-18 15:05:380 INFO  NewAndUsedCarSearch :47 - Click on Car Make : [[ChromeDriver: chrome on WINDOWS (d13ade99462847119785b51bfcb2fd05)] -> xpath: //select[@id='makes']]
2022-05-18 15:05:539 INFO  NewAndUsedCarSearch :52 - Click on Car Model : [[ChromeDriver: chrome on WINDOWS (d13ade99462847119785b51bfcb2fd05)] -> xpath: //select[@id='models']]
2022-05-18 15:05:617 INFO  NewAndUsedCarSearch :57 - Click on Location : [[ChromeDriver: chrome on WINDOWS (d13ade99462847119785b51bfcb2fd05)] -> xpath: //select[@id='locations']]
2022-05-18 15:05:696 INFO  NewAndUsedCarSearch :62 - Click on Price : [[ChromeDriver: chrome on WINDOWS (d13ade99462847119785b51bfcb2fd05)] -> xpath: //select[@id='priceTo']]
2022-05-18 15:05:30 INFO  NewAndUsedCarSearch :67 - Click on find my next Car Button : [[ChromeDriver: chrome on WINDOWS (d13ade99462847119785b51bfcb2fd05)] -> xpath: //input[@id='search-submit']]
2022-05-18 15:05:995 INFO  HomePage :32 - Mouse Hover to Buy+Sell Tab [[ChromeDriver: chrome on WINDOWS (d75d5e8984789763750238d214e91990)] -> xpath: //a[contains(text(),'buy + sell')]]
2022-05-18 15:05:110 INFO  HomePage :42 - Click on Used Cars [[ChromeDriver: chrome on WINDOWS (d75d5e8984789763750238d214e91990)] -> xpath: //div[@class='uhf-child-content']//a[contains(text(),'Used')]]
2022-05-18 15:05:711 INFO  UsedCarSearch :41 - Getting a Page Header for Verification : [[ChromeDriver: chrome on WINDOWS (d75d5e8984789763750238d214e91990)] -> xpath: //div[@class='heading main-heading item-ad-wrapper ']/h1]
2022-05-18 15:05:393 INFO  HomePage :32 - Mouse Hover to Buy+Sell Tab [[ChromeDriver: chrome on WINDOWS (f4e5dd4e9649c7d46e80967fc963e6e3)] -> xpath: //a[contains(text(),'buy + sell')]]
2022-05-18 15:05:507 INFO  HomePage :37 - Click on Search Cars [[ChromeDriver: chrome on WINDOWS (f4e5dd4e9649c7d46e80967fc963e6e3)] -> xpath: //a[contains(text(),'Search Cars')]]
2022-05-18 15:05:344 INFO  NewAndUsedCarSearch :41 - Getting a Page Header for Verification : [[ChromeDriver: chrome on WINDOWS (f4e5dd4e9649c7d46e80967fc963e6e3)] -> xpath: //div[@class='heading main-heading item-ad-wrapper ']/h1]
2022-05-18 15:05:835 INFO  NewAndUsedCarSearch :47 - Click on Car Make : [[ChromeDriver: chrome on WINDOWS (f4e5dd4e9649c7d46e80967fc963e6e3)] -> xpath: //select[@id='makes']]
2022-05-18 15:05:935 INFO  NewAndUsedCarSearch :52 - Click on Car Model : [[ChromeDriver: chrome on WINDOWS (f4e5dd4e9649c7d46e80967fc963e6e3)] -> xpath: //select[@id='models']]
2022-05-18 15:05:14 INFO  NewAndUsedCarSearch :57 - Click on Location : [[ChromeDriver: chrome on WINDOWS (f4e5dd4e9649c7d46e80967fc963e6e3)] -> xpath: //select[@id='locations']]
2022-05-18 15:05:91 INFO  NewAndUsedCarSearch :62 - Click on Price : [[ChromeDriver: chrome on WINDOWS (f4e5dd4e9649c7d46e80967fc963e6e3)] -> xpath: //select[@id='priceTo']]
2022-05-18 15:05:164 INFO  NewAndUsedCarSearch :67 - Click on find my next Car Button : [[ChromeDriver: chrome on WINDOWS (f4e5dd4e9649c7d46e80967fc963e6e3)] -> xpath: //input[@id='search-submit']]
2022-05-18 15:05:542 INFO  HomePage :32 - Mouse Hover to Buy+Sell Tab [[ChromeDriver: chrome on WINDOWS (c899beaf9324cd126b5246e79db11f3f)] -> xpath: //a[contains(text(),'buy + sell')]]
2022-05-18 15:05:657 INFO  HomePage :42 - Click on Used Cars [[ChromeDriver: chrome on WINDOWS (c899beaf9324cd126b5246e79db11f3f)] -> xpath: //div[@class='uhf-child-content']//a[contains(text(),'Used')]]
2022-05-18 15:05:248 INFO  UsedCarSearch :41 - Getting a Page Header for Verification : [[ChromeDriver: chrome on WINDOWS (c899beaf9324cd126b5246e79db11f3f)] -> xpath: //div[@class='heading main-heading item-ad-wrapper ']/h1]
2022-05-18 15:05:774 INFO  UsedCarSearch :47 - Click on Car Make : [[ChromeDriver: chrome on WINDOWS (c899beaf9324cd126b5246e79db11f3f)] -> xpath: //select[@id='makes']]
2022-05-18 15:05:922 INFO  UsedCarSearch :52 - Click on Car Model : [[ChromeDriver: chrome on WINDOWS (c899beaf9324cd126b5246e79db11f3f)] -> xpath: //select[@id='models']]
2022-05-18 15:05:02 INFO  UsedCarSearch :57 - Click on Location : [[ChromeDriver: chrome on WINDOWS (c899beaf9324cd126b5246e79db11f3f)] -> xpath: //select[@id='locations']]
2022-05-18 15:05:80 INFO  UsedCarSearch :62 - Click on Price : [[ChromeDriver: chrome on WINDOWS (c899beaf9324cd126b5246e79db11f3f)] -> xpath: //select[@id='priceTo']]
2022-05-18 15:05:216 INFO  UsedCarSearch :67 - Click on find my next Car Button : [[ChromeDriver: chrome on WINDOWS (c899beaf9324cd126b5246e79db11f3f)] -> xpath: //input[@id='search-submit']]
2022-05-18 15:05:733 INFO  HomePage :32 - Mouse Hover to Buy+Sell Tab [[ChromeDriver: chrome on WINDOWS (d7fb0e5bc5e7db66b0bcdffee5155224)] -> xpath: //a[contains(text(),'buy + sell')]]
2022-05-18 15:05:855 INFO  HomePage :42 - Click on Used Cars [[ChromeDriver: chrome on WINDOWS (d7fb0e5bc5e7db66b0bcdffee5155224)] -> xpath: //div[@class='uhf-child-content']//a[contains(text(),'Used')]]
2022-05-18 15:05:385 INFO  UsedCarSearch :40 - Getting a Page Header for Verification : [[ChromeDriver: chrome on WINDOWS (d7fb0e5bc5e7db66b0bcdffee5155224)] -> xpath: //div[@class='heading main-heading item-ad-wrapper ']/h1]
2022-05-18 15:05:588 INFO  UsedCarSearch :46 - Click on Car Make : [[ChromeDriver: chrome on WINDOWS (d7fb0e5bc5e7db66b0bcdffee5155224)] -> xpath: //select[@id='makes']]
2022-05-18 15:05:791 INFO  UsedCarSearch :51 - Click on Car Model : [[ChromeDriver: chrome on WINDOWS (d7fb0e5bc5e7db66b0bcdffee5155224)] -> xpath: //select[@id='models']]
2022-05-18 15:05:862 INFO  UsedCarSearch :56 - Click on Location : [[ChromeDriver: chrome on WINDOWS (d7fb0e5bc5e7db66b0bcdffee5155224)] -> xpath: //select[@id='locations']]
2022-05-18 15:05:951 INFO  UsedCarSearch :61 - Click on Price : [[ChromeDriver: chrome on WINDOWS (d7fb0e5bc5e7db66b0bcdffee5155224)] -> xpath: //select[@id='priceTo']]
2022-05-18 15:05:487 INFO  UsedCarSearch :66 - Click on find my next Car Button : [[ChromeDriver: chrome on WINDOWS (d7fb0e5bc5e7db66b0bcdffee5155224)] -> xpath: //input[@id='search-submit']]
2022-05-18 15:05:647 INFO  Result :26 - Getting a Result for Verification : [[ChromeDriver: chrome on WINDOWS (d7fb0e5bc5e7db66b0bcdffee5155224)] -> xpath: //h1[@class='listing-search-title']]
2022-05-18 15:05:795 INFO  HomePage :32 - Mouse Hover to Buy+Sell Tab [[ChromeDriver: chrome on WINDOWS (002bb6ee9c38069cc4212b4dc470196d)] -> xpath: //a[contains(text(),'buy + sell')]]
2022-05-18 15:05:904 INFO  HomePage :37 - Click on Search Cars [[ChromeDriver: chrome on WINDOWS (002bb6ee9c38069cc4212b4dc470196d)] -> xpath: //a[contains(text(),'Search Cars')]]
2022-05-18 15:05:279 INFO  NewAndUsedCarSearch :41 - Getting a Page Header for Verification : [[ChromeDriver: chrome on WINDOWS (002bb6ee9c38069cc4212b4dc470196d)] -> xpath: //div[@class='heading main-heading item-ad-wrapper ']/h1]
2022-05-18 15:05:511 INFO  NewAndUsedCarSearch :47 - Click on Car Make : [[ChromeDriver: chrome on WINDOWS (002bb6ee9c38069cc4212b4dc470196d)] -> xpath: //select[@id='makes']]
2022-05-18 15:05:608 INFO  NewAndUsedCarSearch :52 - Click on Car Model : [[ChromeDriver: chrome on WINDOWS (002bb6ee9c38069cc4212b4dc470196d)] -> xpath: //select[@id='models']]
2022-05-18 15:05:688 INFO  NewAndUsedCarSearch :57 - Click on Location : [[ChromeDriver: chrome on WINDOWS (002bb6ee9c38069cc4212b4dc470196d)] -> xpath: //select[@id='locations']]
2022-05-18 15:05:767 INFO  NewAndUsedCarSearch :62 - Click on Price : [[ChromeDriver: chrome on WINDOWS (002bb6ee9c38069cc4212b4dc470196d)] -> xpath: //select[@id='priceTo']]
2022-05-18 15:05:473 INFO  NewAndUsedCarSearch :67 - Click on find my next Car Button : [[ChromeDriver: chrome on WINDOWS (002bb6ee9c38069cc4212b4dc470196d)] -> xpath: //input[@id='search-submit']]
2022-05-18 15:05:568 INFO  Result :26 - Getting a Result for Verification : [[ChromeDriver: chrome on WINDOWS (002bb6ee9c38069cc4212b4dc470196d)] -> xpath: //h1[@class='listing-search-title']]
2022-05-18 15:05:943 INFO  HomePage :32 - Mouse Hover to Buy+Sell Tab [[ChromeDriver: chrome on WINDOWS (37a0f24dd62a29fcac54f426657eb747)] -> xpath: //a[contains(text(),'buy + sell')]]
2022-05-18 15:05:56 INFO  HomePage :42 - Click on Used Cars [[ChromeDriver: chrome on WINDOWS (37a0f24dd62a29fcac54f426657eb747)] -> xpath: //div[@class='uhf-child-content']//a[contains(text(),'Used')]]
2022-05-18 15:05:173 INFO  UsedCarSearch :40 - Getting a Page Header for Verification : [[ChromeDriver: chrome on WINDOWS (37a0f24dd62a29fcac54f426657eb747)] -> xpath: //div[@class='heading main-heading item-ad-wrapper ']/h1]
2022-05-18 15:05:322 INFO  UsedCarSearch :46 - Click on Car Make : [[ChromeDriver: chrome on WINDOWS (37a0f24dd62a29fcac54f426657eb747)] -> xpath: //select[@id='makes']]
2022-05-18 15:05:441 INFO  UsedCarSearch :51 - Click on Car Model : [[ChromeDriver: chrome on WINDOWS (37a0f24dd62a29fcac54f426657eb747)] -> xpath: //select[@id='models']]
2022-05-18 15:05:514 INFO  UsedCarSearch :56 - Click on Location : [[ChromeDriver: chrome on WINDOWS (37a0f24dd62a29fcac54f426657eb747)] -> xpath: //select[@id='locations']]
2022-05-18 15:05:588 INFO  UsedCarSearch :61 - Click on Price : [[ChromeDriver: chrome on WINDOWS (37a0f24dd62a29fcac54f426657eb747)] -> xpath: //select[@id='priceTo']]
2022-05-18 15:05:52 INFO  UsedCarSearch :66 - Click on find my next Car Button : [[ChromeDriver: chrome on WINDOWS (37a0f24dd62a29fcac54f426657eb747)] -> xpath: //input[@id='search-submit']]
2022-05-18 15:05:102 INFO  Result :26 - Getting a Result for Verification : [[ChromeDriver: chrome on WINDOWS (37a0f24dd62a29fcac54f426657eb747)] -> xpath: //h1[@class='listing-search-title']]
2022-05-18 15:05:794 INFO  HomePage :32 - Mouse Hover to Buy+Sell Tab [[ChromeDriver: chrome on WINDOWS (d57b07f83a4d1972cfd4755701ce7f16)] -> xpath: //a[contains(text(),'buy + sell')]]
2022-05-18 15:05:907 INFO  HomePage :37 - Click on Search Cars [[ChromeDriver: chrome on WINDOWS (d57b07f83a4d1972cfd4755701ce7f16)] -> xpath: //a[contains(text(),'Search Cars')]]
2022-05-18 15:05:744 INFO  NewAndUsedCarSearch :41 - Getting a Page Header for Verification : [[ChromeDriver: chrome on WINDOWS (d57b07f83a4d1972cfd4755701ce7f16)] -> xpath: //div[@class='heading main-heading item-ad-wrapper ']/h1]
2022-05-18 15:05:49 INFO  NewAndUsedCarSearch :47 - Click on Car Make : [[ChromeDriver: chrome on WINDOWS (d57b07f83a4d1972cfd4755701ce7f16)] -> xpath: //select[@id='makes']]
2022-05-18 15:05:198 INFO  NewAndUsedCarSearch :52 - Click on Car Model : [[ChromeDriver: chrome on WINDOWS (d57b07f83a4d1972cfd4755701ce7f16)] -> xpath: //select[@id='models']]
2022-05-18 15:05:276 INFO  NewAndUsedCarSearch :57 - Click on Location : [[ChromeDriver: chrome on WINDOWS (d57b07f83a4d1972cfd4755701ce7f16)] -> xpath: //select[@id='locations']]
2022-05-18 15:05:356 INFO  NewAndUsedCarSearch :62 - Click on Price : [[ChromeDriver: chrome on WINDOWS (d57b07f83a4d1972cfd4755701ce7f16)] -> xpath: //select[@id='priceTo']]
2022-05-18 15:05:620 INFO  NewAndUsedCarSearch :67 - Click on find my next Car Button : [[ChromeDriver: chrome on WINDOWS (d57b07f83a4d1972cfd4755701ce7f16)] -> xpath: //input[@id='search-submit']]
2022-05-18 15:05:765 INFO  Result :26 - Getting a Result for Verification : [[ChromeDriver: chrome on WINDOWS (d57b07f83a4d1972cfd4755701ce7f16)] -> xpath: //h1[@class='listing-search-title']]
2022-05-18 15:05:758 INFO  HomePage :32 - Mouse Hover to Buy+Sell Tab [[ChromeDriver: chrome on WINDOWS (e2e35f00a6f96a31cb6c7445609e5001)] -> xpath: //a[contains(text(),'buy + sell')]]
2022-05-18 15:05:880 INFO  HomePage :37 - Click on Search Cars [[ChromeDriver: chrome on WINDOWS (e2e35f00a6f96a31cb6c7445609e5001)] -> xpath: //a[contains(text(),'Search Cars')]]
2022-05-18 15:05:585 INFO  NewAndUsedCarSearch :41 - Getting a Page Header for Verification : [[ChromeDriver: chrome on WINDOWS (e2e35f00a6f96a31cb6c7445609e5001)] -> xpath: //div[@class='heading main-heading item-ad-wrapper ']/h1]
2022-05-18 15:05:595 INFO  NewAndUsedCarSearch :47 - Click on Car Make : [[ChromeDriver: chrome on WINDOWS (e2e35f00a6f96a31cb6c7445609e5001)] -> xpath: //select[@id='makes']]
2022-05-18 15:05:677 INFO  NewAndUsedCarSearch :52 - Click on Car Model : [[ChromeDriver: chrome on WINDOWS (e2e35f00a6f96a31cb6c7445609e5001)] -> xpath: //select[@id='models']]
2022-05-18 15:05:760 INFO  NewAndUsedCarSearch :57 - Click on Location : [[ChromeDriver: chrome on WINDOWS (e2e35f00a6f96a31cb6c7445609e5001)] -> xpath: //select[@id='locations']]
2022-05-18 15:05:830 INFO  NewAndUsedCarSearch :62 - Click on Price : [[ChromeDriver: chrome on WINDOWS (e2e35f00a6f96a31cb6c7445609e5001)] -> xpath: //select[@id='priceTo']]
2022-05-18 15:05:266 INFO  NewAndUsedCarSearch :67 - Click on find my next Car Button : [[ChromeDriver: chrome on WINDOWS (e2e35f00a6f96a31cb6c7445609e5001)] -> xpath: //input[@id='search-submit']]
2022-05-18 15:05:340 INFO  Result :26 - Getting a Result for Verification : Proxy element for: DefaultElementLocator 'By.xpath: //h1[@class='listing-search-title']'
2022-05-18 15:05:312 INFO  HomePage :32 - Mouse Hover to Buy+Sell Tab [[ChromeDriver: chrome on WINDOWS (7c51d2602607635fa5c1874556d56e4f)] -> xpath: //a[contains(text(),'buy + sell')]]
2022-05-18 15:05:421 INFO  HomePage :37 - Click on Search Cars [[ChromeDriver: chrome on WINDOWS (7c51d2602607635fa5c1874556d56e4f)] -> xpath: //a[contains(text(),'Search Cars')]]
2022-05-18 15:05:883 INFO  NewAndUsedCarSearch :41 - Getting a Page Header for Verification : [[ChromeDriver: chrome on WINDOWS (7c51d2602607635fa5c1874556d56e4f)] -> xpath: //div[@class='heading main-heading item-ad-wrapper ']/h1]
2022-05-18 15:05:322 INFO  NewAndUsedCarSearch :47 - Click on Car Make : [[ChromeDriver: chrome on WINDOWS (7c51d2602607635fa5c1874556d56e4f)] -> xpath: //select[@id='makes']]
2022-05-18 15:05:458 INFO  NewAndUsedCarSearch :52 - Click on Car Model : [[ChromeDriver: chrome on WINDOWS (7c51d2602607635fa5c1874556d56e4f)] -> xpath: //select[@id='models']]
2022-05-18 15:05:531 INFO  NewAndUsedCarSearch :57 - Click on Location : [[ChromeDriver: chrome on WINDOWS (7c51d2602607635fa5c1874556d56e4f)] -> xpath: //select[@id='locations']]
2022-05-18 15:05:713 INFO  HomePage :32 - Mouse Hover to Buy+Sell Tab [[ChromeDriver: chrome on WINDOWS (63f3b77241b5d2eb31c03769235a8e55)] -> xpath: //a[contains(text(),'buy + sell')]]
2022-05-18 15:05:817 INFO  HomePage :37 - Click on Search Cars [[ChromeDriver: chrome on WINDOWS (63f3b77241b5d2eb31c03769235a8e55)] -> xpath: //a[contains(text(),'Search Cars')]]
2022-05-18 15:05:54 INFO  NewAndUsedCarSearch :41 - Getting a Page Header for Verification : [[ChromeDriver: chrome on WINDOWS (63f3b77241b5d2eb31c03769235a8e55)] -> xpath: //div[@class='heading main-heading item-ad-wrapper ']/h1]
2022-05-18 15:05:279 INFO  NewAndUsedCarSearch :47 - Click on Car Make : [[ChromeDriver: chrome on WINDOWS (63f3b77241b5d2eb31c03769235a8e55)] -> xpath: //select[@id='makes']]
2022-05-18 15:05:421 INFO  NewAndUsedCarSearch :52 - Click on Car Model : [[ChromeDriver: chrome on WINDOWS (63f3b77241b5d2eb31c03769235a8e55)] -> xpath: //select[@id='models']]
2022-05-18 15:05:489 INFO  NewAndUsedCarSearch :57 - Click on Location : [[ChromeDriver: chrome on WINDOWS (63f3b77241b5d2eb31c03769235a8e55)] -> xpath: //select[@id='locations']]
2022-05-18 15:05:563 INFO  NewAndUsedCarSearch :62 - Click on Price : [[ChromeDriver: chrome on WINDOWS (63f3b77241b5d2eb31c03769235a8e55)] -> xpath: //select[@id='priceTo']]
2022-05-18 15:05:207 INFO  NewAndUsedCarSearch :67 - Click on find my next Car Button : [[ChromeDriver: chrome on WINDOWS (63f3b77241b5d2eb31c03769235a8e55)] -> xpath: //input[@id='search-submit']]
2022-05-18 15:05:346 INFO  Result :26 - Getting a Result for Verification : [[ChromeDriver: chrome on WINDOWS (63f3b77241b5d2eb31c03769235a8e55)] -> xpath: //h1[@class='listing-search-title']]
2022-05-18 15:05:254 INFO  HomePage :32 - Mouse Hover to Buy+Sell Tab [[ChromeDriver: chrome on WINDOWS (515f448f1a2587cf977a1d049471e348)] -> xpath: //a[contains(text(),'buy + sell')]]
2022-05-18 15:05:357 INFO  HomePage :37 - Click on Search Cars [[ChromeDriver: chrome on WINDOWS (515f448f1a2587cf977a1d049471e348)] -> xpath: //a[contains(text(),'Search Cars')]]
2022-05-18 15:05:158 INFO  NewAndUsedCarSearch :41 - Getting a Page Header for Verification : [[ChromeDriver: chrome on WINDOWS (515f448f1a2587cf977a1d049471e348)] -> xpath: //div[@class='heading main-heading item-ad-wrapper ']/h1]
2022-05-18 15:05:386 INFO  NewAndUsedCarSearch :47 - Click on Car Make : [[ChromeDriver: chrome on WINDOWS (515f448f1a2587cf977a1d049471e348)] -> xpath: //select[@id='makes']]
2022-05-18 15:05:497 INFO  NewAndUsedCarSearch :52 - Click on Car Model : [[ChromeDriver: chrome on WINDOWS (515f448f1a2587cf977a1d049471e348)] -> xpath: //select[@id='models']]
2022-05-18 15:05:569 INFO  NewAndUsedCarSearch :57 - Click on Location : [[ChromeDriver: chrome on WINDOWS (515f448f1a2587cf977a1d049471e348)] -> xpath: //select[@id='locations']]
2022-05-18 15:05:643 INFO  NewAndUsedCarSearch :62 - Click on Price : [[ChromeDriver: chrome on WINDOWS (515f448f1a2587cf977a1d049471e348)] -> xpath: //select[@id='priceTo']]
2022-05-18 15:05:66 INFO  NewAndUsedCarSearch :67 - Click on find my next Car Button : [[ChromeDriver: chrome on WINDOWS (515f448f1a2587cf977a1d049471e348)] -> xpath: //input[@id='search-submit']]
2022-05-18 15:05:342 INFO  Result :26 - Getting a Result for Verification : Proxy element for: DefaultElementLocator 'By.xpath: //h1[@class='listing-search-title']'
2022-05-18 15:05:743 INFO  HomePage :32 - Mouse Hover to Buy+Sell Tab [[ChromeDriver: chrome on WINDOWS (b9484d313b7410933a234bb78ec145c9)] -> xpath: //a[contains(text(),'buy + sell')]]
2022-05-18 15:05:213 INFO  HomePage :42 - Click on Used Cars [[ChromeDriver: chrome on WINDOWS (b9484d313b7410933a234bb78ec145c9)] -> xpath: //div[@class='uhf-child-content']//a[contains(text(),'Used')]]
2022-05-18 15:05:393 INFO  UsedCarSearch :40 - Getting a Page Header for Verification : [[ChromeDriver: chrome on WINDOWS (b9484d313b7410933a234bb78ec145c9)] -> xpath: //div[@class='heading main-heading item-ad-wrapper ']/h1]
2022-05-18 15:05:527 INFO  UsedCarSearch :46 - Click on Car Make : [[ChromeDriver: chrome on WINDOWS (b9484d313b7410933a234bb78ec145c9)] -> xpath: //select[@id='makes']]
2022-05-18 15:05:661 INFO  UsedCarSearch :51 - Click on Car Model : [[ChromeDriver: chrome on WINDOWS (b9484d313b7410933a234bb78ec145c9)] -> xpath: //select[@id='models']]
2022-05-18 15:05:740 INFO  UsedCarSearch :56 - Click on Location : [[ChromeDriver: chrome on WINDOWS (b9484d313b7410933a234bb78ec145c9)] -> xpath: //select[@id='locations']]
2022-05-18 15:05:811 INFO  UsedCarSearch :61 - Click on Price : [[ChromeDriver: chrome on WINDOWS (b9484d313b7410933a234bb78ec145c9)] -> xpath: //select[@id='priceTo']]
2022-05-18 15:05:284 INFO  UsedCarSearch :66 - Click on find my next Car Button : [[ChromeDriver: chrome on WINDOWS (b9484d313b7410933a234bb78ec145c9)] -> xpath: //input[@id='search-submit']]
2022-05-18 15:05:379 INFO  Result :26 - Getting a Result for Verification : [[ChromeDriver: chrome on WINDOWS (b9484d313b7410933a234bb78ec145c9)] -> xpath: //h1[@class='listing-search-title']]
2022-05-18 15:05:977 INFO  HomePage :32 - Mouse Hover to Buy+Sell Tab [[ChromeDriver: chrome on WINDOWS (7660a77294177a3060ed9b378b458830)] -> xpath: //a[contains(text(),'buy + sell')]]
2022-05-18 15:05:65 INFO  HomePage :42 - Click on Used Cars [[ChromeDriver: chrome on WINDOWS (7660a77294177a3060ed9b378b458830)] -> xpath: //div[@class='uhf-child-content']//a[contains(text(),'Used')]]
2022-05-18 15:05:545 INFO  UsedCarSearch :40 - Getting a Page Header for Verification : [[ChromeDriver: chrome on WINDOWS (7660a77294177a3060ed9b378b458830)] -> xpath: //div[@class='heading main-heading item-ad-wrapper ']/h1]
2022-05-18 15:05:733 INFO  UsedCarSearch :46 - Click on Car Make : [[ChromeDriver: chrome on WINDOWS (7660a77294177a3060ed9b378b458830)] -> xpath: //select[@id='makes']]
2022-05-18 15:05:867 INFO  UsedCarSearch :51 - Click on Car Model : [[ChromeDriver: chrome on WINDOWS (7660a77294177a3060ed9b378b458830)] -> xpath: //select[@id='models']]
2022-05-18 15:05:953 INFO  UsedCarSearch :56 - Click on Location : [[ChromeDriver: chrome on WINDOWS (7660a77294177a3060ed9b378b458830)] -> xpath: //select[@id='locations']]
2022-05-18 15:05:29 INFO  UsedCarSearch :61 - Click on Price : [[ChromeDriver: chrome on WINDOWS (7660a77294177a3060ed9b378b458830)] -> xpath: //select[@id='priceTo']]
2022-05-18 15:05:365 INFO  HomePage :32 - Mouse Hover to Buy+Sell Tab [[ChromeDriver: chrome on WINDOWS (e50e43e82e56d378a9049c9074eeed36)] -> xpath: //a[contains(text(),'buy + sell')]]
2022-05-18 15:05:479 INFO  HomePage :42 - Click on Used Cars [[ChromeDriver: chrome on WINDOWS (e50e43e82e56d378a9049c9074eeed36)] -> xpath: //div[@class='uhf-child-content']//a[contains(text(),'Used')]]
2022-05-18 15:05:38 INFO  UsedCarSearch :40 - Getting a Page Header for Verification : [[ChromeDriver: chrome on WINDOWS (e50e43e82e56d378a9049c9074eeed36)] -> xpath: //div[@class='heading main-heading item-ad-wrapper ']/h1]
2022-05-18 15:05:11 INFO  UsedCarSearch :46 - Click on Car Make : [[ChromeDriver: chrome on WINDOWS (e50e43e82e56d378a9049c9074eeed36)] -> xpath: //select[@id='makes']]
2022-05-18 15:05:89 INFO  UsedCarSearch :51 - Click on Car Model : [[ChromeDriver: chrome on WINDOWS (e50e43e82e56d378a9049c9074eeed36)] -> xpath: //select[@id='models']]
2022-05-18 15:05:157 INFO  UsedCarSearch :56 - Click on Location : [[ChromeDriver: chrome on WINDOWS (e50e43e82e56d378a9049c9074eeed36)] -> xpath: //select[@id='locations']]
2022-05-18 15:05:397 INFO  HomePage :32 - Mouse Hover to Buy+Sell Tab [[ChromeDriver: chrome on WINDOWS (d4ec2453db6368d3f23c29d7ac7c62ee)] -> xpath: //a[contains(text(),'buy + sell')]]
2022-05-18 15:05:885 INFO  HomePage :42 - Click on Used Cars [[ChromeDriver: chrome on WINDOWS (d4ec2453db6368d3f23c29d7ac7c62ee)] -> xpath: //div[@class='uhf-child-content']//a[contains(text(),'Used')]]
2022-05-18 15:05:08 INFO  UsedCarSearch :40 - Getting a Page Header for Verification : [[ChromeDriver: chrome on WINDOWS (d4ec2453db6368d3f23c29d7ac7c62ee)] -> xpath: //div[@class='heading main-heading item-ad-wrapper ']/h1]
2022-05-18 15:05:91 INFO  UsedCarSearch :46 - Click on Car Make : [[ChromeDriver: chrome on WINDOWS (d4ec2453db6368d3f23c29d7ac7c62ee)] -> xpath: //select[@id='makes']]
2022-05-18 15:05:303 INFO  UsedCarSearch :51 - Click on Car Model : [[ChromeDriver: chrome on WINDOWS (d4ec2453db6368d3f23c29d7ac7c62ee)] -> xpath: //select[@id='models']]
2022-05-18 15:05:370 INFO  UsedCarSearch :56 - Click on Location : [[ChromeDriver: chrome on WINDOWS (d4ec2453db6368d3f23c29d7ac7c62ee)] -> xpath: //select[@id='locations']]
2022-05-18 15:05:441 INFO  UsedCarSearch :61 - Click on Price : [[ChromeDriver: chrome on WINDOWS (d4ec2453db6368d3f23c29d7ac7c62ee)] -> xpath: //select[@id='priceTo']]
2022-05-18 15:05:86 INFO  UsedCarSearch :66 - Click on find my next Car Button : [[ChromeDriver: chrome on WINDOWS (d4ec2453db6368d3f23c29d7ac7c62ee)] -> xpath: //input[@id='search-submit']]
2022-05-18 15:05:245 INFO  Result :26 - Getting a Result for Verification : [[ChromeDriver: chrome on WINDOWS (d4ec2453db6368d3f23c29d7ac7c62ee)] -> xpath: //h1[@class='listing-search-title']]
2022-05-18 15:05:899 INFO  HomePage :32 - Mouse Hover to Buy+Sell Tab [[ChromeDriver: chrome on WINDOWS (4900828fe87242c3f6c95748cd046b21)] -> xpath: //a[contains(text(),'buy + sell')]]
2022-05-18 15:05:999 INFO  HomePage :42 - Click on Used Cars [[ChromeDriver: chrome on WINDOWS (4900828fe87242c3f6c95748cd046b21)] -> xpath: //div[@class='uhf-child-content']//a[contains(text(),'Used')]]
2022-05-18 15:05:69 INFO  UsedCarSearch :40 - Getting a Page Header for Verification : [[ChromeDriver: chrome on WINDOWS (4900828fe87242c3f6c95748cd046b21)] -> xpath: //div[@class='heading main-heading item-ad-wrapper ']/h1]
2022-05-18 15:05:232 INFO  UsedCarSearch :46 - Click on Car Make : [[ChromeDriver: chrome on WINDOWS (4900828fe87242c3f6c95748cd046b21)] -> xpath: //select[@id='makes']]
2022-05-18 15:05:507 INFO  UsedCarSearch :51 - Click on Car Model : [[ChromeDriver: chrome on WINDOWS (4900828fe87242c3f6c95748cd046b21)] -> xpath: //select[@id='models']]
2022-05-18 15:05:580 INFO  UsedCarSearch :56 - Click on Location : [[ChromeDriver: chrome on WINDOWS (4900828fe87242c3f6c95748cd046b21)] -> xpath: //select[@id='locations']]
2022-05-18 15:05:660 INFO  UsedCarSearch :61 - Click on Price : [[ChromeDriver: chrome on WINDOWS (4900828fe87242c3f6c95748cd046b21)] -> xpath: //select[@id='priceTo']]
2022-05-18 15:05:943 INFO  UsedCarSearch :66 - Click on find my next Car Button : [[ChromeDriver: chrome on WINDOWS (4900828fe87242c3f6c95748cd046b21)] -> xpath: //input[@id='search-submit']]
2022-05-18 15:05:113 INFO  Result :26 - Getting a Result for Verification : [[ChromeDriver: chrome on WINDOWS (4900828fe87242c3f6c95748cd046b21)] -> xpath: //h1[@class='listing-search-title']]
2022-05-18 15:05:671 INFO  HomePage :32 - Mouse Hover to Buy+Sell Tab [[ChromeDriver: chrome on WINDOWS (64f65a1c77f4c37c9415cb0064b1b493)] -> xpath: //a[contains(text(),'buy + sell')]]
2022-05-18 15:05:784 INFO  HomePage :42 - Click on Used Cars [[ChromeDriver: chrome on WINDOWS (64f65a1c77f4c37c9415cb0064b1b493)] -> xpath: //div[@class='uhf-child-content']//a[contains(text(),'Used')]]
2022-05-18 15:05:365 INFO  UsedCarSearch :40 - Getting a Page Header for Verification : [[ChromeDriver: chrome on WINDOWS (64f65a1c77f4c37c9415cb0064b1b493)] -> xpath: //div[@class='heading main-heading item-ad-wrapper ']/h1]
2022-05-18 15:05:627 INFO  UsedCarSearch :46 - Click on Car Make : [[ChromeDriver: chrome on WINDOWS (64f65a1c77f4c37c9415cb0064b1b493)] -> xpath: //select[@id='makes']]
2022-05-18 15:05:835 INFO  UsedCarSearch :51 - Click on Car Model : [[ChromeDriver: chrome on WINDOWS (64f65a1c77f4c37c9415cb0064b1b493)] -> xpath: //select[@id='models']]
2022-05-18 15:05:909 INFO  UsedCarSearch :56 - Click on Location : [[ChromeDriver: chrome on WINDOWS (64f65a1c77f4c37c9415cb0064b1b493)] -> xpath: //select[@id='locations']]
2022-05-18 15:05:983 INFO  UsedCarSearch :61 - Click on Price : [[ChromeDriver: chrome on WINDOWS (64f65a1c77f4c37c9415cb0064b1b493)] -> xpath: //select[@id='priceTo']]
2022-05-18 15:05:06 INFO  UsedCarSearch :66 - Click on find my next Car Button : [[ChromeDriver: chrome on WINDOWS (64f65a1c77f4c37c9415cb0064b1b493)] -> xpath: //input[@id='search-submit']]
2022-05-18 15:05:943 INFO  HomePage :32 - Mouse Hover to Buy+Sell Tab [[ChromeDriver: chrome on WINDOWS (96ab12faff79e364d8794515939a7113)] -> xpath: //a[contains(text(),'buy + sell')]]
2022-05-18 15:05:41 INFO  HomePage :37 - Click on Search Cars [[ChromeDriver: chrome on WINDOWS (96ab12faff79e364d8794515939a7113)] -> xpath: //a[contains(text(),'Search Cars')]]
2022-05-18 15:05:598 INFO  NewAndUsedCarSearch :41 - Getting a Page Header for Verification : [[ChromeDriver: chrome on WINDOWS (96ab12faff79e364d8794515939a7113)] -> xpath: //div[@class='heading main-heading item-ad-wrapper ']/h1]
2022-05-18 15:05:824 INFO  NewAndUsedCarSearch :47 - Click on Car Make : [[ChromeDriver: chrome on WINDOWS (96ab12faff79e364d8794515939a7113)] -> xpath: //select[@id='makes']]
2022-05-18 15:05:967 INFO  NewAndUsedCarSearch :52 - Click on Car Model : [[ChromeDriver: chrome on WINDOWS (96ab12faff79e364d8794515939a7113)] -> xpath: //select[@id='models']]
2022-05-18 15:05:45 INFO  NewAndUsedCarSearch :57 - Click on Location : [[ChromeDriver: chrome on WINDOWS (96ab12faff79e364d8794515939a7113)] -> xpath: //select[@id='locations']]
2022-05-18 15:05:126 INFO  NewAndUsedCarSearch :62 - Click on Price : [[ChromeDriver: chrome on WINDOWS (96ab12faff79e364d8794515939a7113)] -> xpath: //select[@id='priceTo']]
2022-05-18 15:05:189 INFO  NewAndUsedCarSearch :67 - Click on find my next Car Button : [[ChromeDriver: chrome on WINDOWS (96ab12faff79e364d8794515939a7113)] -> xpath: //input[@id='search-submit']]
2022-05-18 15:05:206 INFO  Result :26 - Getting a Result for Verification : [[ChromeDriver: chrome on WINDOWS (96ab12faff79e364d8794515939a7113)] -> xpath: //h1[@class='listing-search-title']]
2022-05-18 15:05:316 INFO  HomePage :32 - Mouse Hover to Buy+Sell Tab [[ChromeDriver: chrome on WINDOWS (982297cd08b820b2731daf1398ff42c8)] -> xpath: //a[contains(text(),'buy + sell')]]
2022-05-18 15:05:433 INFO  HomePage :37 - Click on Search Cars [[ChromeDriver: chrome on WINDOWS (982297cd08b820b2731daf1398ff42c8)] -> xpath: //a[contains(text(),'Search Cars')]]
2022-05-18 15:05:472 INFO  NewAndUsedCarSearch :41 - Getting a Page Header for Verification : [[ChromeDriver: chrome on WINDOWS (982297cd08b820b2731daf1398ff42c8)] -> xpath: //div[@class='heading main-heading item-ad-wrapper ']/h1]
2022-05-18 15:05:37 INFO  NewAndUsedCarSearch :47 - Click on Car Make : [[ChromeDriver: chrome on WINDOWS (982297cd08b820b2731daf1398ff42c8)] -> xpath: //select[@id='makes']]
2022-05-18 15:05:124 INFO  NewAndUsedCarSearch :52 - Click on Car Model : [[ChromeDriver: chrome on WINDOWS (982297cd08b820b2731daf1398ff42c8)] -> xpath: //select[@id='models']]
2022-05-18 15:05:195 INFO  NewAndUsedCarSearch :57 - Click on Location : [[ChromeDriver: chrome on WINDOWS (982297cd08b820b2731daf1398ff42c8)] -> xpath: //select[@id='locations']]
2022-05-18 15:05:266 INFO  NewAndUsedCarSearch :62 - Click on Price : [[ChromeDriver: chrome on WINDOWS (982297cd08b820b2731daf1398ff42c8)] -> xpath: //select[@id='priceTo']]
2022-05-18 15:05:410 INFO  HomePage :32 - Mouse Hover to Buy+Sell Tab [[ChromeDriver: chrome on WINDOWS (a5a488eabe5847961d43883428116608)] -> xpath: //a[contains(text(),'buy + sell')]]
2022-05-18 15:05:520 INFO  HomePage :37 - Click on Search Cars [[ChromeDriver: chrome on WINDOWS (a5a488eabe5847961d43883428116608)] -> xpath: //a[contains(text(),'Search Cars')]]
2022-05-18 15:05:314 INFO  NewAndUsedCarSearch :41 - Getting a Page Header for Verification : [[ChromeDriver: chrome on WINDOWS (a5a488eabe5847961d43883428116608)] -> xpath: //div[@class='heading main-heading item-ad-wrapper ']/h1]
2022-05-18 15:05:528 INFO  NewAndUsedCarSearch :47 - Click on Car Make : [[ChromeDriver: chrome on WINDOWS (a5a488eabe5847961d43883428116608)] -> xpath: //select[@id='makes']]
2022-05-18 15:05:749 INFO  NewAndUsedCarSearch :52 - Click on Car Model : [[ChromeDriver: chrome on WINDOWS (a5a488eabe5847961d43883428116608)] -> xpath: //select[@id='models']]
2022-05-18 15:05:824 INFO  NewAndUsedCarSearch :57 - Click on Location : [[ChromeDriver: chrome on WINDOWS (a5a488eabe5847961d43883428116608)] -> xpath: //select[@id='locations']]
2022-05-18 15:05:899 INFO  NewAndUsedCarSearch :62 - Click on Price : [[ChromeDriver: chrome on WINDOWS (a5a488eabe5847961d43883428116608)] -> xpath: //select[@id='priceTo']]
2022-05-18 15:05:10 INFO  NewAndUsedCarSearch :67 - Click on find my next Car Button : [[ChromeDriver: chrome on WINDOWS (a5a488eabe5847961d43883428116608)] -> xpath: //input[@id='search-submit']]
2022-05-18 15:05:159 INFO  Result :26 - Getting a Result for Verification : [[ChromeDriver: chrome on WINDOWS (a5a488eabe5847961d43883428116608)] -> xpath: //h1[@class='listing-search-title']]
2022-05-18 15:05:151 INFO  HomePage :32 - Mouse Hover to Buy+Sell Tab [[ChromeDriver: chrome on WINDOWS (bb0d4ebfba1f73dd67f0644164de356d)] -> xpath: //a[contains(text(),'buy + sell')]]
2022-05-18 15:05:268 INFO  HomePage :37 - Click on Search Cars [[ChromeDriver: chrome on WINDOWS (bb0d4ebfba1f73dd67f0644164de356d)] -> xpath: //a[contains(text(),'Search Cars')]]
2022-05-18 15:05:259 INFO  NewAndUsedCarSearch :41 - Getting a Page Header for Verification : [[ChromeDriver: chrome on WINDOWS (bb0d4ebfba1f73dd67f0644164de356d)] -> xpath: //div[@class='heading main-heading item-ad-wrapper ']/h1]
2022-05-18 15:05:357 INFO  NewAndUsedCarSearch :47 - Click on Car Make : [[ChromeDriver: chrome on WINDOWS (bb0d4ebfba1f73dd67f0644164de356d)] -> xpath: //select[@id='makes']]
2022-05-18 15:05:567 INFO  NewAndUsedCarSearch :52 - Click on Car Model : [[ChromeDriver: chrome on WINDOWS (bb0d4ebfba1f73dd67f0644164de356d)] -> xpath: //select[@id='models']]
2022-05-18 15:05:638 INFO  NewAndUsedCarSearch :57 - Click on Location : [[ChromeDriver: chrome on WINDOWS (bb0d4ebfba1f73dd67f0644164de356d)] -> xpath: //select[@id='locations']]
2022-05-18 15:05:709 INFO  NewAndUsedCarSearch :62 - Click on Price : [[ChromeDriver: chrome on WINDOWS (bb0d4ebfba1f73dd67f0644164de356d)] -> xpath: //select[@id='priceTo']]
2022-05-18 15:05:982 INFO  NewAndUsedCarSearch :67 - Click on find my next Car Button : [[ChromeDriver: chrome on WINDOWS (bb0d4ebfba1f73dd67f0644164de356d)] -> xpath: //input[@id='search-submit']]
2022-05-18 15:05:57 INFO  Result :26 - Getting a Result for Verification : [[ChromeDriver: chrome on WINDOWS (bb0d4ebfba1f73dd67f0644164de356d)] -> xpath: //h1[@class='listing-search-title']]
2022-05-18 15:05:619 INFO  HomePage :32 - Mouse Hover to Buy+Sell Tab [[ChromeDriver: chrome on WINDOWS (c0010821e5b594e8dd60530ee8f96bbf)] -> xpath: //a[contains(text(),'buy + sell')]]
2022-05-18 15:05:739 INFO  HomePage :37 - Click on Search Cars [[ChromeDriver: chrome on WINDOWS (c0010821e5b594e8dd60530ee8f96bbf)] -> xpath: //a[contains(text(),'Search Cars')]]
2022-05-18 15:05:417 INFO  NewAndUsedCarSearch :41 - Getting a Page Header for Verification : [[ChromeDriver: chrome on WINDOWS (c0010821e5b594e8dd60530ee8f96bbf)] -> xpath: //div[@class='heading main-heading item-ad-wrapper ']/h1]
2022-05-18 15:05:551 INFO  NewAndUsedCarSearch :47 - Click on Car Make : [[ChromeDriver: chrome on WINDOWS (c0010821e5b594e8dd60530ee8f96bbf)] -> xpath: //select[@id='makes']]
2022-05-18 15:05:755 INFO  NewAndUsedCarSearch :52 - Click on Car Model : [[ChromeDriver: chrome on WINDOWS (c0010821e5b594e8dd60530ee8f96bbf)] -> xpath: //select[@id='models']]
2022-05-18 15:05:830 INFO  NewAndUsedCarSearch :57 - Click on Location : [[ChromeDriver: chrome on WINDOWS (c0010821e5b594e8dd60530ee8f96bbf)] -> xpath: //select[@id='locations']]
2022-05-18 15:05:899 INFO  NewAndUsedCarSearch :62 - Click on Price : [[ChromeDriver: chrome on WINDOWS (c0010821e5b594e8dd60530ee8f96bbf)] -> xpath: //select[@id='priceTo']]
2022-05-18 15:05:854 INFO  NewAndUsedCarSearch :67 - Click on find my next Car Button : [[ChromeDriver: chrome on WINDOWS (c0010821e5b594e8dd60530ee8f96bbf)] -> xpath: //input[@id='search-submit']]
2022-05-18 15:05:924 INFO  Result :26 - Getting a Result for Verification : [[ChromeDriver: chrome on WINDOWS (c0010821e5b594e8dd60530ee8f96bbf)] -> xpath: //h1[@class='listing-search-title']]
2022-05-18 15:05:563 INFO  HomePage :32 - Mouse Hover to Buy+Sell Tab [[ChromeDriver: chrome on WINDOWS (b13104b71c243d6537e94b9715cbf8d5)] -> xpath: //a[contains(text(),'buy + sell')]]
2022-05-18 15:05:660 INFO  HomePage :42 - Click on Used Cars [[ChromeDriver: chrome on WINDOWS (b13104b71c243d6537e94b9715cbf8d5)] -> xpath: //div[@class='uhf-child-content']//a[contains(text(),'Used')]]
2022-05-18 15:05:222 INFO  UsedCarSearch :40 - Getting a Page Header for Verification : [[ChromeDriver: chrome on WINDOWS (b13104b71c243d6537e94b9715cbf8d5)] -> xpath: //div[@class='heading main-heading item-ad-wrapper ']/h1]
2022-05-18 15:05:572 INFO  UsedCarSearch :46 - Click on Car Make : [[ChromeDriver: chrome on WINDOWS (b13104b71c243d6537e94b9715cbf8d5)] -> xpath: //select[@id='makes']]
2022-05-18 15:05:829 INFO  UsedCarSearch :51 - Click on Car Model : [[ChromeDriver: chrome on WINDOWS (b13104b71c243d6537e94b9715cbf8d5)] -> xpath: //select[@id='models']]
2022-05-18 15:05:899 INFO  UsedCarSearch :56 - Click on Location : [[ChromeDriver: chrome on WINDOWS (b13104b71c243d6537e94b9715cbf8d5)] -> xpath: //select[@id='locations']]
2022-05-18 15:05:979 INFO  UsedCarSearch :61 - Click on Price : [[ChromeDriver: chrome on WINDOWS (b13104b71c243d6537e94b9715cbf8d5)] -> xpath: //select[@id='priceTo']]
2022-05-18 15:05:529 INFO  UsedCarSearch :66 - Click on find my next Car Button : [[ChromeDriver: chrome on WINDOWS (b13104b71c243d6537e94b9715cbf8d5)] -> xpath: //input[@id='search-submit']]
2022-05-18 15:05:542 INFO  Result :26 - Getting a Result for Verification : [[ChromeDriver: chrome on WINDOWS (b13104b71c243d6537e94b9715cbf8d5)] -> xpath: //h1[@class='listing-search-title']]
2022-05-18 15:05:533 INFO  HomePage :32 - Mouse Hover to Buy+Sell Tab [[ChromeDriver: chrome on WINDOWS (be31b8019de81cc2ef546d4b2f3b5bd6)] -> xpath: //a[contains(text(),'buy + sell')]]
2022-05-18 15:05:655 INFO  HomePage :42 - Click on Used Cars [[ChromeDriver: chrome on WINDOWS (be31b8019de81cc2ef546d4b2f3b5bd6)] -> xpath: //div[@class='uhf-child-content']//a[contains(text(),'Used')]]
2022-05-18 15:05:86 INFO  UsedCarSearch :40 - Getting a Page Header for Verification : [[ChromeDriver: chrome on WINDOWS (be31b8019de81cc2ef546d4b2f3b5bd6)] -> xpath: //div[@class='heading main-heading item-ad-wrapper ']/h1]
2022-05-18 15:05:598 INFO  UsedCarSearch :46 - Click on Car Make : [[ChromeDriver: chrome on WINDOWS (be31b8019de81cc2ef546d4b2f3b5bd6)] -> xpath: //select[@id='makes']]
2022-05-18 15:05:863 INFO  UsedCarSearch :51 - Click on Car Model : [[ChromeDriver: chrome on WINDOWS (be31b8019de81cc2ef546d4b2f3b5bd6)] -> xpath: //select[@id='models']]
2022-05-18 15:05:944 INFO  UsedCarSearch :56 - Click on Location : [[ChromeDriver: chrome on WINDOWS (be31b8019de81cc2ef546d4b2f3b5bd6)] -> xpath: //select[@id='locations']]
2022-05-18 15:05:15 INFO  UsedCarSearch :61 - Click on Price : [[ChromeDriver: chrome on WINDOWS (be31b8019de81cc2ef546d4b2f3b5bd6)] -> xpath: //select[@id='priceTo']]
2022-05-18 15:05:256 INFO  UsedCarSearch :66 - Click on find my next Car Button : [[ChromeDriver: chrome on WINDOWS (be31b8019de81cc2ef546d4b2f3b5bd6)] -> xpath: //input[@id='search-submit']]
2022-05-18 15:05:317 INFO  Result :26 - Getting a Result for Verification : [[ChromeDriver: chrome on WINDOWS (be31b8019de81cc2ef546d4b2f3b5bd6)] -> xpath: //h1[@class='listing-search-title']]
2022-05-18 15:05:69 INFO  HomePage :32 - Mouse Hover to Buy+Sell Tab [[ChromeDriver: chrome on WINDOWS (77d4bb54c35a806fec1933158f3069b6)] -> xpath: //a[contains(text(),'buy + sell')]]
2022-05-18 15:05:171 INFO  HomePage :42 - Click on Used Cars [[ChromeDriver: chrome on WINDOWS (77d4bb54c35a806fec1933158f3069b6)] -> xpath: //div[@class='uhf-child-content']//a[contains(text(),'Used')]]
2022-05-18 15:05:130 INFO  UsedCarSearch :40 - Getting a Page Header for Verification : [[ChromeDriver: chrome on WINDOWS (77d4bb54c35a806fec1933158f3069b6)] -> xpath: //div[@class='heading main-heading item-ad-wrapper ']/h1]
2022-05-18 15:05:273 INFO  UsedCarSearch :46 - Click on Car Make : [[ChromeDriver: chrome on WINDOWS (77d4bb54c35a806fec1933158f3069b6)] -> xpath: //select[@id='makes']]
2022-05-18 15:05:429 INFO  UsedCarSearch :51 - Click on Car Model : [[ChromeDriver: chrome on WINDOWS (77d4bb54c35a806fec1933158f3069b6)] -> xpath: //select[@id='models']]
2022-05-18 15:05:500 INFO  UsedCarSearch :56 - Click on Location : [[ChromeDriver: chrome on WINDOWS (77d4bb54c35a806fec1933158f3069b6)] -> xpath: //select[@id='locations']]
2022-05-18 15:05:567 INFO  UsedCarSearch :61 - Click on Price : [[ChromeDriver: chrome on WINDOWS (77d4bb54c35a806fec1933158f3069b6)] -> xpath: //select[@id='priceTo']]
2022-05-18 15:05:100 INFO  UsedCarSearch :66 - Click on find my next Car Button : [[ChromeDriver: chrome on WINDOWS (77d4bb54c35a806fec1933158f3069b6)] -> xpath: //input[@id='search-submit']]
2022-05-18 15:05:128 INFO  Result :26 - Getting a Result for Verification : [[ChromeDriver: chrome on WINDOWS (77d4bb54c35a806fec1933158f3069b6)] -> xpath: //h1[@class='listing-search-title']]
2022-05-18 15:05:973 INFO  HomePage :32 - Mouse Hover to Buy+Sell Tab [[ChromeDriver: chrome on WINDOWS (da98050be37a71c2cca99955fc4d488d)] -> xpath: //a[contains(text(),'buy + sell')]]
2022-05-18 15:05:64 INFO  HomePage :42 - Click on Used Cars [[ChromeDriver: chrome on WINDOWS (da98050be37a71c2cca99955fc4d488d)] -> xpath: //div[@class='uhf-child-content']//a[contains(text(),'Used')]]
2022-05-18 15:05:638 INFO  UsedCarSearch :40 - Getting a Page Header for Verification : [[ChromeDriver: chrome on WINDOWS (da98050be37a71c2cca99955fc4d488d)] -> xpath: //div[@class='heading main-heading item-ad-wrapper ']/h1]
2022-05-18 15:05:855 INFO  UsedCarSearch :46 - Click on Car Make : [[ChromeDriver: chrome on WINDOWS (da98050be37a71c2cca99955fc4d488d)] -> xpath: //select[@id='makes']]
2022-05-18 15:05:995 INFO  UsedCarSearch :51 - Click on Car Model : [[ChromeDriver: chrome on WINDOWS (da98050be37a71c2cca99955fc4d488d)] -> xpath: //select[@id='models']]
2022-05-18 15:05:68 INFO  UsedCarSearch :56 - Click on Location : [[ChromeDriver: chrome on WINDOWS (da98050be37a71c2cca99955fc4d488d)] -> xpath: //select[@id='locations']]
2022-05-18 15:05:145 INFO  UsedCarSearch :61 - Click on Price : [[ChromeDriver: chrome on WINDOWS (da98050be37a71c2cca99955fc4d488d)] -> xpath: //select[@id='priceTo']]
2022-05-18 15:05:215 INFO  UsedCarSearch :66 - Click on find my next Car Button : [[ChromeDriver: chrome on WINDOWS (da98050be37a71c2cca99955fc4d488d)] -> xpath: //input[@id='search-submit']]
2022-05-18 15:05:433 INFO  Result :26 - Getting a Result for Verification : [[ChromeDriver: chrome on WINDOWS (da98050be37a71c2cca99955fc4d488d)] -> xpath: //h1[@class='listing-search-title']]
2022-05-18 15:05:182 INFO  HomePage :32 - Mouse Hover to Buy+Sell Tab [[ChromeDriver: chrome on WINDOWS (4b757e7e2b995117f01c3527f999d12f)] -> xpath: //a[contains(text(),'buy + sell')]]
2022-05-18 15:05:332 INFO  HomePage :42 - Click on Used Cars [[ChromeDriver: chrome on WINDOWS (4b757e7e2b995117f01c3527f999d12f)] -> xpath: //div[@class='uhf-child-content']//a[contains(text(),'Used')]]
2022-05-18 15:05:173 INFO  UsedCarSearch :40 - Getting a Page Header for Verification : [[ChromeDriver: chrome on WINDOWS (4b757e7e2b995117f01c3527f999d12f)] -> xpath: //div[@class='heading main-heading item-ad-wrapper ']/h1]
2022-05-18 15:05:488 INFO  UsedCarSearch :46 - Click on Car Make : [[ChromeDriver: chrome on WINDOWS (4b757e7e2b995117f01c3527f999d12f)] -> xpath: //select[@id='makes']]
2022-05-18 15:05:627 INFO  UsedCarSearch :51 - Click on Car Model : [[ChromeDriver: chrome on WINDOWS (4b757e7e2b995117f01c3527f999d12f)] -> xpath: //select[@id='models']]
2022-05-18 15:05:697 INFO  UsedCarSearch :56 - Click on Location : [[ChromeDriver: chrome on WINDOWS (4b757e7e2b995117f01c3527f999d12f)] -> xpath: //select[@id='locations']]
2022-05-18 15:05:773 INFO  UsedCarSearch :61 - Click on Price : [[ChromeDriver: chrome on WINDOWS (4b757e7e2b995117f01c3527f999d12f)] -> xpath: //select[@id='priceTo']]
2022-05-18 15:05:70 INFO  UsedCarSearch :66 - Click on find my next Car Button : [[ChromeDriver: chrome on WINDOWS (4b757e7e2b995117f01c3527f999d12f)] -> xpath: //input[@id='search-submit']]
2022-05-18 15:05:225 INFO  Result :26 - Getting a Result for Verification : [[ChromeDriver: chrome on WINDOWS (4b757e7e2b995117f01c3527f999d12f)] -> xpath: //h1[@class='listing-search-title']]
2022-05-18 16:05:800 INFO  HomePage :32 - Mouse Hover to Buy+Sell Tab [[ChromeDriver: chrome on WINDOWS (f9c293544bbca00062f664a4e9003731)] -> xpath: //a[contains(text(),'buy + sell')]]
2022-05-18 16:05:904 INFO  HomePage :37 - Click on Search Cars [[ChromeDriver: chrome on WINDOWS (f9c293544bbca00062f664a4e9003731)] -> xpath: //a[contains(text(),'Search Cars')]]
2022-05-18 16:05:403 INFO  NewAndUsedCarSearch :41 - Getting a Page Header for Verification : [[ChromeDriver: chrome on WINDOWS (f9c293544bbca00062f664a4e9003731)] -> xpath: //div[@class='heading main-heading item-ad-wrapper ']/h1]
2022-05-18 16:05:994 INFO  NewAndUsedCarSearch :47 - Click on Car Make : [[ChromeDriver: chrome on WINDOWS (f9c293544bbca00062f664a4e9003731)] -> xpath: //select[@id='makes']]
2022-05-18 16:05:106 INFO  NewAndUsedCarSearch :52 - Click on Car Model : [[ChromeDriver: chrome on WINDOWS (f9c293544bbca00062f664a4e9003731)] -> xpath: //select[@id='models']]
2022-05-18 16:05:190 INFO  NewAndUsedCarSearch :57 - Click on Location : [[ChromeDriver: chrome on WINDOWS (f9c293544bbca00062f664a4e9003731)] -> xpath: //select[@id='locations']]
2022-05-18 16:05:265 INFO  NewAndUsedCarSearch :62 - Click on Price : [[ChromeDriver: chrome on WINDOWS (f9c293544bbca00062f664a4e9003731)] -> xpath: //select[@id='priceTo']]
2022-05-18 16:05:339 INFO  NewAndUsedCarSearch :67 - Click on find my next Car Button : [[ChromeDriver: chrome on WINDOWS (f9c293544bbca00062f664a4e9003731)] -> xpath: //input[@id='search-submit']]
2022-05-18 16:05:556 INFO  Result :26 - Getting a Result for Verification : [[ChromeDriver: chrome on WINDOWS (f9c293544bbca00062f664a4e9003731)] -> xpath: //h1[@class='listing-search-title']]
2022-05-18 16:05:925 INFO  HomePage :32 - Mouse Hover to Buy+Sell Tab [[ChromeDriver: chrome on WINDOWS (05a0bcbfadba5f4fec14f03c292a7941)] -> xpath: //a[contains(text(),'buy + sell')]]
2022-05-18 16:05:53 INFO  HomePage :37 - Click on Search Cars [[ChromeDriver: chrome on WINDOWS (05a0bcbfadba5f4fec14f03c292a7941)] -> xpath: //a[contains(text(),'Search Cars')]]
2022-05-18 16:05:963 INFO  NewAndUsedCarSearch :41 - Getting a Page Header for Verification : [[ChromeDriver: chrome on WINDOWS (05a0bcbfadba5f4fec14f03c292a7941)] -> xpath: //div[@class='heading main-heading item-ad-wrapper ']/h1]
2022-05-18 16:05:894 INFO  NewAndUsedCarSearch :47 - Click on Car Make : [[ChromeDriver: chrome on WINDOWS (05a0bcbfadba5f4fec14f03c292a7941)] -> xpath: //select[@id='makes']]
2022-05-18 16:05:10 INFO  NewAndUsedCarSearch :52 - Click on Car Model : [[ChromeDriver: chrome on WINDOWS (05a0bcbfadba5f4fec14f03c292a7941)] -> xpath: //select[@id='models']]
2022-05-18 16:05:81 INFO  NewAndUsedCarSearch :57 - Click on Location : [[ChromeDriver: chrome on WINDOWS (05a0bcbfadba5f4fec14f03c292a7941)] -> xpath: //select[@id='locations']]
2022-05-18 16:05:159 INFO  NewAndUsedCarSearch :62 - Click on Price : [[ChromeDriver: chrome on WINDOWS (05a0bcbfadba5f4fec14f03c292a7941)] -> xpath: //select[@id='priceTo']]
2022-05-18 16:05:379 INFO  NewAndUsedCarSearch :67 - Click on find my next Car Button : [[ChromeDriver: chrome on WINDOWS (05a0bcbfadba5f4fec14f03c292a7941)] -> xpath: //input[@id='search-submit']]
2022-05-18 16:05:490 INFO  Result :26 - Getting a Result for Verification : [[ChromeDriver: chrome on WINDOWS (05a0bcbfadba5f4fec14f03c292a7941)] -> xpath: //h1[@class='listing-search-title']]
2022-05-18 16:05:643 INFO  HomePage :32 - Mouse Hover to Buy+Sell Tab [[ChromeDriver: chrome on WINDOWS (d6f5c7045a28245016b94d821185d29a)] -> xpath: //a[contains(text(),'buy + sell')]]
2022-05-18 16:05:747 INFO  HomePage :37 - Click on Search Cars [[ChromeDriver: chrome on WINDOWS (d6f5c7045a28245016b94d821185d29a)] -> xpath: //a[contains(text(),'Search Cars')]]
2022-05-18 16:05:220 INFO  NewAndUsedCarSearch :41 - Getting a Page Header for Verification : [[ChromeDriver: chrome on WINDOWS (d6f5c7045a28245016b94d821185d29a)] -> xpath: //div[@class='heading main-heading item-ad-wrapper ']/h1]
2022-05-18 16:05:388 INFO  NewAndUsedCarSearch :47 - Click on Car Make : [[ChromeDriver: chrome on WINDOWS (d6f5c7045a28245016b94d821185d29a)] -> xpath: //select[@id='makes']]
2022-05-18 16:05:622 INFO  NewAndUsedCarSearch :52 - Click on Car Model : [[ChromeDriver: chrome on WINDOWS (d6f5c7045a28245016b94d821185d29a)] -> xpath: //select[@id='models']]
2022-05-18 16:05:706 INFO  NewAndUsedCarSearch :57 - Click on Location : [[ChromeDriver: chrome on WINDOWS (d6f5c7045a28245016b94d821185d29a)] -> xpath: //select[@id='locations']]
2022-05-18 16:05:779 INFO  NewAndUsedCarSearch :62 - Click on Price : [[ChromeDriver: chrome on WINDOWS (d6f5c7045a28245016b94d821185d29a)] -> xpath: //select[@id='priceTo']]
2022-05-18 16:05:933 INFO  NewAndUsedCarSearch :67 - Click on find my next Car Button : [[ChromeDriver: chrome on WINDOWS (d6f5c7045a28245016b94d821185d29a)] -> xpath: //input[@id='search-submit']]
2022-05-18 16:05:126 INFO  Result :26 - Getting a Result for Verification : [[ChromeDriver: chrome on WINDOWS (d6f5c7045a28245016b94d821185d29a)] -> xpath: //h1[@class='listing-search-title']]
2022-05-18 16:05:697 INFO  HomePage :32 - Mouse Hover to Buy+Sell Tab [[ChromeDriver: chrome on WINDOWS (0f8e9f82c053748973ae3903ff0d8d73)] -> xpath: //a[contains(text(),'buy + sell')]]
2022-05-18 16:05:796 INFO  HomePage :37 - Click on Search Cars [[ChromeDriver: chrome on WINDOWS (0f8e9f82c053748973ae3903ff0d8d73)] -> xpath: //a[contains(text(),'Search Cars')]]
2022-05-18 16:05:575 INFO  NewAndUsedCarSearch :41 - Getting a Page Header for Verification : [[ChromeDriver: chrome on WINDOWS (0f8e9f82c053748973ae3903ff0d8d73)] -> xpath: //div[@class='heading main-heading item-ad-wrapper ']/h1]
2022-05-18 16:05:467 INFO  NewAndUsedCarSearch :47 - Click on Car Make : [[ChromeDriver: chrome on WINDOWS (0f8e9f82c053748973ae3903ff0d8d73)] -> xpath: //select[@id='makes']]
2022-05-18 16:05:545 INFO  NewAndUsedCarSearch :52 - Click on Car Model : [[ChromeDriver: chrome on WINDOWS (0f8e9f82c053748973ae3903ff0d8d73)] -> xpath: //select[@id='models']]
2022-05-18 16:05:623 INFO  NewAndUsedCarSearch :57 - Click on Location : [[ChromeDriver: chrome on WINDOWS (0f8e9f82c053748973ae3903ff0d8d73)] -> xpath: //select[@id='locations']]
2022-05-18 16:05:691 INFO  NewAndUsedCarSearch :62 - Click on Price : [[ChromeDriver: chrome on WINDOWS (0f8e9f82c053748973ae3903ff0d8d73)] -> xpath: //select[@id='priceTo']]
2022-05-18 16:05:843 INFO  NewAndUsedCarSearch :67 - Click on find my next Car Button : [[ChromeDriver: chrome on WINDOWS (0f8e9f82c053748973ae3903ff0d8d73)] -> xpath: //input[@id='search-submit']]
2022-05-18 16:05:112 INFO  Result :26 - Getting a Result for Verification : [[ChromeDriver: chrome on WINDOWS (0f8e9f82c053748973ae3903ff0d8d73)] -> xpath: //h1[@class='listing-search-title']]
2022-05-18 16:05:869 INFO  HomePage :32 - Mouse Hover to Buy+Sell Tab [[ChromeDriver: chrome on WINDOWS (d6acb6350e82fa0348b16ad85ad21f91)] -> xpath: //a[contains(text(),'buy + sell')]]
2022-05-18 16:05:973 INFO  HomePage :37 - Click on Search Cars [[ChromeDriver: chrome on WINDOWS (d6acb6350e82fa0348b16ad85ad21f91)] -> xpath: //a[contains(text(),'Search Cars')]]
2022-05-18 16:05:556 INFO  NewAndUsedCarSearch :41 - Getting a Page Header for Verification : [[ChromeDriver: chrome on WINDOWS (d6acb6350e82fa0348b16ad85ad21f91)] -> xpath: //div[@class='heading main-heading item-ad-wrapper ']/h1]
2022-05-18 16:05:693 INFO  NewAndUsedCarSearch :47 - Click on Car Make : [[ChromeDriver: chrome on WINDOWS (d6acb6350e82fa0348b16ad85ad21f91)] -> xpath: //select[@id='makes']]
2022-05-18 16:05:958 INFO  NewAndUsedCarSearch :52 - Click on Car Model : [[ChromeDriver: chrome on WINDOWS (d6acb6350e82fa0348b16ad85ad21f91)] -> xpath: //select[@id='models']]
2022-05-18 16:05:28 INFO  NewAndUsedCarSearch :57 - Click on Location : [[ChromeDriver: chrome on WINDOWS (d6acb6350e82fa0348b16ad85ad21f91)] -> xpath: //select[@id='locations']]
2022-05-18 16:05:106 INFO  NewAndUsedCarSearch :62 - Click on Price : [[ChromeDriver: chrome on WINDOWS (d6acb6350e82fa0348b16ad85ad21f91)] -> xpath: //select[@id='priceTo']]
2022-05-18 16:05:173 INFO  NewAndUsedCarSearch :67 - Click on find my next Car Button : [[ChromeDriver: chrome on WINDOWS (d6acb6350e82fa0348b16ad85ad21f91)] -> xpath: //input[@id='search-submit']]
2022-05-18 16:05:523 INFO  Result :26 - Getting a Result for Verification : [[ChromeDriver: chrome on WINDOWS (d6acb6350e82fa0348b16ad85ad21f91)] -> xpath: //h1[@class='listing-search-title']]
2022-05-18 16:05:640 INFO  HomePage :32 - Mouse Hover to Buy+Sell Tab [[ChromeDriver: chrome on WINDOWS (8fab4243e17b40e533fce7e952db614e)] -> xpath: //a[contains(text(),'buy + sell')]]
2022-05-18 16:05:740 INFO  HomePage :37 - Click on Search Cars [[ChromeDriver: chrome on WINDOWS (8fab4243e17b40e533fce7e952db614e)] -> xpath: //a[contains(text(),'Search Cars')]]
2022-05-18 16:05:247 INFO  NewAndUsedCarSearch :41 - Getting a Page Header for Verification : [[ChromeDriver: chrome on WINDOWS (8fab4243e17b40e533fce7e952db614e)] -> xpath: //div[@class='heading main-heading item-ad-wrapper ']/h1]
2022-05-18 16:05:750 INFO  NewAndUsedCarSearch :47 - Click on Car Make : [[ChromeDriver: chrome on WINDOWS (8fab4243e17b40e533fce7e952db614e)] -> xpath: //select[@id='makes']]
2022-05-18 16:05:964 INFO  NewAndUsedCarSearch :52 - Click on Car Model : [[ChromeDriver: chrome on WINDOWS (8fab4243e17b40e533fce7e952db614e)] -> xpath: //select[@id='models']]
2022-05-18 16:05:35 INFO  NewAndUsedCarSearch :57 - Click on Location : [[ChromeDriver: chrome on WINDOWS (8fab4243e17b40e533fce7e952db614e)] -> xpath: //select[@id='locations']]
2022-05-18 16:05:108 INFO  NewAndUsedCarSearch :62 - Click on Price : [[ChromeDriver: chrome on WINDOWS (8fab4243e17b40e533fce7e952db614e)] -> xpath: //select[@id='priceTo']]
2022-05-18 16:05:63 INFO  NewAndUsedCarSearch :67 - Click on find my next Car Button : [[ChromeDriver: chrome on WINDOWS (8fab4243e17b40e533fce7e952db614e)] -> xpath: //input[@id='search-submit']]
2022-05-18 16:05:137 INFO  Result :26 - Getting a Result for Verification : [[ChromeDriver: chrome on WINDOWS (8fab4243e17b40e533fce7e952db614e)] -> xpath: //h1[@class='listing-search-title']]
2022-05-18 16:05:266 INFO  HomePage :32 - Mouse Hover to Buy+Sell Tab [[ChromeDriver: chrome on WINDOWS (d82616ac4b6563c2fe632c6e4552ebd1)] -> xpath: //a[contains(text(),'buy + sell')]]
2022-05-18 16:05:409 INFO  HomePage :42 - Click on Used Cars [[ChromeDriver: chrome on WINDOWS (d82616ac4b6563c2fe632c6e4552ebd1)] -> xpath: //div[@class='uhf-child-content']//a[contains(text(),'Used')]]
2022-05-18 16:05:814 INFO  UsedCarSearch :40 - Getting a Page Header for Verification : [[ChromeDriver: chrome on WINDOWS (d82616ac4b6563c2fe632c6e4552ebd1)] -> xpath: //div[@class='heading main-heading item-ad-wrapper ']/h1]
2022-05-18 16:05:767 INFO  UsedCarSearch :46 - Click on Car Make : [[ChromeDriver: chrome on WINDOWS (d82616ac4b6563c2fe632c6e4552ebd1)] -> xpath: //select[@id='makes']]
2022-05-18 16:05:907 INFO  UsedCarSearch :51 - Click on Car Model : [[ChromeDriver: chrome on WINDOWS (d82616ac4b6563c2fe632c6e4552ebd1)] -> xpath: //select[@id='models']]
2022-05-18 16:05:983 INFO  UsedCarSearch :56 - Click on Location : [[ChromeDriver: chrome on WINDOWS (d82616ac4b6563c2fe632c6e4552ebd1)] -> xpath: //select[@id='locations']]
2022-05-18 16:05:55 INFO  UsedCarSearch :61 - Click on Price : [[ChromeDriver: chrome on WINDOWS (d82616ac4b6563c2fe632c6e4552ebd1)] -> xpath: //select[@id='priceTo']]
2022-05-18 16:05:210 INFO  UsedCarSearch :66 - Click on find my next Car Button : [[ChromeDriver: chrome on WINDOWS (d82616ac4b6563c2fe632c6e4552ebd1)] -> xpath: //input[@id='search-submit']]
2022-05-18 16:05:287 INFO  Result :26 - Getting a Result for Verification : [[ChromeDriver: chrome on WINDOWS (d82616ac4b6563c2fe632c6e4552ebd1)] -> xpath: //h1[@class='listing-search-title']]
2022-05-18 16:05:310 INFO  HomePage :32 - Mouse Hover to Buy+Sell Tab [[ChromeDriver: chrome on WINDOWS (9e10572099380e7faf231b562a0d95fd)] -> xpath: //a[contains(text(),'buy + sell')]]
2022-05-18 16:05:434 INFO  HomePage :42 - Click on Used Cars [[ChromeDriver: chrome on WINDOWS (9e10572099380e7faf231b562a0d95fd)] -> xpath: //div[@class='uhf-child-content']//a[contains(text(),'Used')]]
2022-05-18 16:05:872 INFO  UsedCarSearch :40 - Getting a Page Header for Verification : [[ChromeDriver: chrome on WINDOWS (9e10572099380e7faf231b562a0d95fd)] -> xpath: //div[@class='heading main-heading item-ad-wrapper ']/h1]
2022-05-18 16:05:518 INFO  UsedCarSearch :46 - Click on Car Make : [[ChromeDriver: chrome on WINDOWS (9e10572099380e7faf231b562a0d95fd)] -> xpath: //select[@id='makes']]
2022-05-18 16:05:614 INFO  UsedCarSearch :51 - Click on Car Model : [[ChromeDriver: chrome on WINDOWS (9e10572099380e7faf231b562a0d95fd)] -> xpath: //select[@id='models']]
2022-05-18 16:05:685 INFO  UsedCarSearch :56 - Click on Location : [[ChromeDriver: chrome on WINDOWS (9e10572099380e7faf231b562a0d95fd)] -> xpath: //select[@id='locations']]
2022-05-18 16:05:759 INFO  UsedCarSearch :61 - Click on Price : [[ChromeDriver: chrome on WINDOWS (9e10572099380e7faf231b562a0d95fd)] -> xpath: //select[@id='priceTo']]
2022-05-18 16:05:137 INFO  UsedCarSearch :66 - Click on find my next Car Button : [[ChromeDriver: chrome on WINDOWS (9e10572099380e7faf231b562a0d95fd)] -> xpath: //input[@id='search-submit']]
2022-05-18 16:05:259 INFO  Result :26 - Getting a Result for Verification : [[ChromeDriver: chrome on WINDOWS (9e10572099380e7faf231b562a0d95fd)] -> xpath: //h1[@class='listing-search-title']]
2022-05-18 16:05:250 INFO  HomePage :32 - Mouse Hover to Buy+Sell Tab [[ChromeDriver: chrome on WINDOWS (94a7b761c0b06bf3a93e743f37553423)] -> xpath: //a[contains(text(),'buy + sell')]]
2022-05-18 16:05:367 INFO  HomePage :42 - Click on Used Cars [[ChromeDriver: chrome on WINDOWS (94a7b761c0b06bf3a93e743f37553423)] -> xpath: //div[@class='uhf-child-content']//a[contains(text(),'Used')]]
2022-05-18 16:05:844 INFO  UsedCarSearch :40 - Getting a Page Header for Verification : [[ChromeDriver: chrome on WINDOWS (94a7b761c0b06bf3a93e743f37553423)] -> xpath: //div[@class='heading main-heading item-ad-wrapper ']/h1]
2022-05-18 16:05:640 INFO  UsedCarSearch :46 - Click on Car Make : [[ChromeDriver: chrome on WINDOWS (94a7b761c0b06bf3a93e743f37553423)] -> xpath: //select[@id='makes']]
2022-05-18 16:05:717 INFO  UsedCarSearch :51 - Click on Car Model : [[ChromeDriver: chrome on WINDOWS (94a7b761c0b06bf3a93e743f37553423)] -> xpath: //select[@id='models']]
2022-05-18 16:05:787 INFO  UsedCarSearch :56 - Click on Location : [[ChromeDriver: chrome on WINDOWS (94a7b761c0b06bf3a93e743f37553423)] -> xpath: //select[@id='locations']]
2022-05-18 16:05:855 INFO  UsedCarSearch :61 - Click on Price : [[ChromeDriver: chrome on WINDOWS (94a7b761c0b06bf3a93e743f37553423)] -> xpath: //select[@id='priceTo']]
2022-05-18 16:05:934 INFO  UsedCarSearch :66 - Click on find my next Car Button : [[ChromeDriver: chrome on WINDOWS (94a7b761c0b06bf3a93e743f37553423)] -> xpath: //input[@id='search-submit']]
2022-05-18 16:05:202 INFO  Result :26 - Getting a Result for Verification : [[ChromeDriver: chrome on WINDOWS (94a7b761c0b06bf3a93e743f37553423)] -> xpath: //h1[@class='listing-search-title']]
2022-05-18 16:05:241 INFO  HomePage :32 - Mouse Hover to Buy+Sell Tab [[ChromeDriver: chrome on WINDOWS (e181ffda0c7ef39dafd30228d1e2be65)] -> xpath: //a[contains(text(),'buy + sell')]]
2022-05-18 16:05:969 INFO  HomePage :42 - Click on Used Cars [[ChromeDriver: chrome on WINDOWS (e181ffda0c7ef39dafd30228d1e2be65)] -> xpath: //div[@class='uhf-child-content']//a[contains(text(),'Used')]]
2022-05-18 16:05:102 INFO  UsedCarSearch :40 - Getting a Page Header for Verification : [[ChromeDriver: chrome on WINDOWS (e181ffda0c7ef39dafd30228d1e2be65)] -> xpath: //div[@class='heading main-heading item-ad-wrapper ']/h1]
2022-05-18 16:05:214 INFO  UsedCarSearch :46 - Click on Car Make : [[ChromeDriver: chrome on WINDOWS (e181ffda0c7ef39dafd30228d1e2be65)] -> xpath: //select[@id='makes']]
2022-05-18 16:05:308 INFO  UsedCarSearch :51 - Click on Car Model : [[ChromeDriver: chrome on WINDOWS (e181ffda0c7ef39dafd30228d1e2be65)] -> xpath: //select[@id='models']]
2022-05-18 16:05:375 INFO  UsedCarSearch :56 - Click on Location : [[ChromeDriver: chrome on WINDOWS (e181ffda0c7ef39dafd30228d1e2be65)] -> xpath: //select[@id='locations']]
2022-05-18 16:05:444 INFO  UsedCarSearch :61 - Click on Price : [[ChromeDriver: chrome on WINDOWS (e181ffda0c7ef39dafd30228d1e2be65)] -> xpath: //select[@id='priceTo']]
2022-05-18 16:05:731 INFO  UsedCarSearch :66 - Click on find my next Car Button : [[ChromeDriver: chrome on WINDOWS (e181ffda0c7ef39dafd30228d1e2be65)] -> xpath: //input[@id='search-submit']]
2022-05-18 16:05:845 INFO  Result :26 - Getting a Result for Verification : [[ChromeDriver: chrome on WINDOWS (e181ffda0c7ef39dafd30228d1e2be65)] -> xpath: //h1[@class='listing-search-title']]
2022-05-18 16:05:120 INFO  HomePage :32 - Mouse Hover to Buy+Sell Tab [[ChromeDriver: chrome on WINDOWS (f4ce9b71d9b7fd7ac29b2a1c084a4a4b)] -> xpath: //a[contains(text(),'buy + sell')]]
2022-05-18 16:05:274 INFO  HomePage :42 - Click on Used Cars [[ChromeDriver: chrome on WINDOWS (f4ce9b71d9b7fd7ac29b2a1c084a4a4b)] -> xpath: //div[@class='uhf-child-content']//a[contains(text(),'Used')]]
2022-05-18 16:05:645 INFO  UsedCarSearch :40 - Getting a Page Header for Verification : [[ChromeDriver: chrome on WINDOWS (f4ce9b71d9b7fd7ac29b2a1c084a4a4b)] -> xpath: //div[@class='heading main-heading item-ad-wrapper ']/h1]
2022-05-18 16:05:267 INFO  UsedCarSearch :46 - Click on Car Make : [[ChromeDriver: chrome on WINDOWS (f4ce9b71d9b7fd7ac29b2a1c084a4a4b)] -> xpath: //select[@id='makes']]
2022-05-18 16:05:396 INFO  UsedCarSearch :51 - Click on Car Model : [[ChromeDriver: chrome on WINDOWS (f4ce9b71d9b7fd7ac29b2a1c084a4a4b)] -> xpath: //select[@id='models']]
2022-05-18 16:05:477 INFO  UsedCarSearch :56 - Click on Location : [[ChromeDriver: chrome on WINDOWS (f4ce9b71d9b7fd7ac29b2a1c084a4a4b)] -> xpath: //select[@id='locations']]
2022-05-18 16:05:549 INFO  UsedCarSearch :61 - Click on Price : [[ChromeDriver: chrome on WINDOWS (f4ce9b71d9b7fd7ac29b2a1c084a4a4b)] -> xpath: //select[@id='priceTo']]
2022-05-18 16:05:461 INFO  UsedCarSearch :66 - Click on find my next Car Button : [[ChromeDriver: chrome on WINDOWS (f4ce9b71d9b7fd7ac29b2a1c084a4a4b)] -> xpath: //input[@id='search-submit']]
2022-05-18 16:05:594 INFO  Result :26 - Getting a Result for Verification : [[ChromeDriver: chrome on WINDOWS (f4ce9b71d9b7fd7ac29b2a1c084a4a4b)] -> xpath: //h1[@class='listing-search-title']]
2022-05-18 16:05:365 INFO  HomePage :32 - Mouse Hover to Buy+Sell Tab [[ChromeDriver: chrome on WINDOWS (826e999c75f7c7bdc838705789ea60a3)] -> xpath: //a[contains(text(),'buy + sell')]]
2022-05-18 16:05:481 INFO  HomePage :42 - Click on Used Cars [[ChromeDriver: chrome on WINDOWS (826e999c75f7c7bdc838705789ea60a3)] -> xpath: //div[@class='uhf-child-content']//a[contains(text(),'Used')]]
2022-05-18 16:05:61 INFO  UsedCarSearch :40 - Getting a Page Header for Verification : [[ChromeDriver: chrome on WINDOWS (826e999c75f7c7bdc838705789ea60a3)] -> xpath: //div[@class='heading main-heading item-ad-wrapper ']/h1]
2022-05-18 16:05:216 INFO  UsedCarSearch :46 - Click on Car Make : [[ChromeDriver: chrome on WINDOWS (826e999c75f7c7bdc838705789ea60a3)] -> xpath: //select[@id='makes']]
2022-05-18 16:05:326 INFO  UsedCarSearch :51 - Click on Car Model : [[ChromeDriver: chrome on WINDOWS (826e999c75f7c7bdc838705789ea60a3)] -> xpath: //select[@id='models']]
2022-05-18 16:05:403 INFO  UsedCarSearch :56 - Click on Location : [[ChromeDriver: chrome on WINDOWS (826e999c75f7c7bdc838705789ea60a3)] -> xpath: //select[@id='locations']]
2022-05-18 16:05:484 INFO  UsedCarSearch :61 - Click on Price : [[ChromeDriver: chrome on WINDOWS (826e999c75f7c7bdc838705789ea60a3)] -> xpath: //select[@id='priceTo']]
2022-05-18 16:05:820 INFO  UsedCarSearch :66 - Click on find my next Car Button : [[ChromeDriver: chrome on WINDOWS (826e999c75f7c7bdc838705789ea60a3)] -> xpath: //input[@id='search-submit']]
2022-05-18 18:05:445 INFO  HomePage :32 - Mouse Hover to Buy+Sell Tab [[ChromeDriver: chrome on WINDOWS (ed8ef329b55fa22bcdcc19e92398490f)] -> xpath: //a[contains(text(),'buy + sell')]]
2022-05-18 18:05:541 INFO  HomePage :37 - Click on Search Cars [[ChromeDriver: chrome on WINDOWS (ed8ef329b55fa22bcdcc19e92398490f)] -> xpath: //a[contains(text(),'Search Cars')]]
2022-05-18 18:05:89 INFO  NewAndUsedCarSearch :41 - Getting a Page Header for Verification : [[ChromeDriver: chrome on WINDOWS (ed8ef329b55fa22bcdcc19e92398490f)] -> xpath: //div[@class='heading main-heading item-ad-wrapper ']/h1]
2022-05-18 18:05:238 INFO  NewAndUsedCarSearch :47 - Click on Car Make : [[ChromeDriver: chrome on WINDOWS (ed8ef329b55fa22bcdcc19e92398490f)] -> xpath: //select[@id='makes']]
2022-05-18 18:05:811 INFO  NewAndUsedCarSearch :52 - Click on Car Model : [[ChromeDriver: chrome on WINDOWS (ed8ef329b55fa22bcdcc19e92398490f)] -> xpath: //select[@id='models']]
2022-05-18 18:05:884 INFO  NewAndUsedCarSearch :57 - Click on Location : [[ChromeDriver: chrome on WINDOWS (ed8ef329b55fa22bcdcc19e92398490f)] -> xpath: //select[@id='locations']]
2022-05-18 18:05:968 INFO  NewAndUsedCarSearch :62 - Click on Price : [[ChromeDriver: chrome on WINDOWS (ed8ef329b55fa22bcdcc19e92398490f)] -> xpath: //select[@id='priceTo']]
2022-05-18 18:05:39 INFO  NewAndUsedCarSearch :67 - Click on find my next Car Button : [[ChromeDriver: chrome on WINDOWS (ed8ef329b55fa22bcdcc19e92398490f)] -> xpath: //input[@id='search-submit']]
2022-05-18 18:05:873 INFO  Result :26 - Getting a Result for Verification : [[ChromeDriver: chrome on WINDOWS (ed8ef329b55fa22bcdcc19e92398490f)] -> xpath: //h1[@class='listing-search-title']]
2022-05-18 18:05:725 INFO  HomePage :32 - Mouse Hover to Buy+Sell Tab [[ChromeDriver: chrome on WINDOWS (ece9e9b503fd2227f3db86679ea11360)] -> xpath: //a[contains(text(),'buy + sell')]]
2022-05-18 18:05:815 INFO  HomePage :37 - Click on Search Cars [[ChromeDriver: chrome on WINDOWS (ece9e9b503fd2227f3db86679ea11360)] -> xpath: //a[contains(text(),'Search Cars')]]
2022-05-18 18:05:759 INFO  NewAndUsedCarSearch :41 - Getting a Page Header for Verification : [[ChromeDriver: chrome on WINDOWS (ece9e9b503fd2227f3db86679ea11360)] -> xpath: //div[@class='heading main-heading item-ad-wrapper ']/h1]
2022-05-18 18:05:853 INFO  NewAndUsedCarSearch :47 - Click on Car Make : [[ChromeDriver: chrome on WINDOWS (ece9e9b503fd2227f3db86679ea11360)] -> xpath: //select[@id='makes']]
2022-05-18 18:05:47 INFO  NewAndUsedCarSearch :52 - Click on Car Model : [[ChromeDriver: chrome on WINDOWS (ece9e9b503fd2227f3db86679ea11360)] -> xpath: //select[@id='models']]
2022-05-18 18:05:116 INFO  NewAndUsedCarSearch :57 - Click on Location : [[ChromeDriver: chrome on WINDOWS (ece9e9b503fd2227f3db86679ea11360)] -> xpath: //select[@id='locations']]
2022-05-18 18:05:183 INFO  NewAndUsedCarSearch :62 - Click on Price : [[ChromeDriver: chrome on WINDOWS (ece9e9b503fd2227f3db86679ea11360)] -> xpath: //select[@id='priceTo']]
2022-05-18 18:05:259 INFO  NewAndUsedCarSearch :67 - Click on find my next Car Button : [[ChromeDriver: chrome on WINDOWS (ece9e9b503fd2227f3db86679ea11360)] -> xpath: //input[@id='search-submit']]
2022-05-18 18:05:189 INFO  Result :26 - Getting a Result for Verification : [[ChromeDriver: chrome on WINDOWS (ece9e9b503fd2227f3db86679ea11360)] -> xpath: //h1[@class='listing-search-title']]
2022-05-18 18:05:224 INFO  HomePage :32 - Mouse Hover to Buy+Sell Tab [[ChromeDriver: chrome on WINDOWS (aaab8b448da2fc7f98f3617dff5f7f52)] -> xpath: //a[contains(text(),'buy + sell')]]
2022-05-18 18:05:513 INFO  HomePage :37 - Click on Search Cars [[ChromeDriver: chrome on WINDOWS (aaab8b448da2fc7f98f3617dff5f7f52)] -> xpath: //a[contains(text(),'Search Cars')]]
2022-05-18 18:05:922 INFO  NewAndUsedCarSearch :41 - Getting a Page Header for Verification : [[ChromeDriver: chrome on WINDOWS (aaab8b448da2fc7f98f3617dff5f7f52)] -> xpath: //div[@class='heading main-heading item-ad-wrapper ']/h1]
2022-05-18 18:05:286 INFO  NewAndUsedCarSearch :47 - Click on Car Make : [[ChromeDriver: chrome on WINDOWS (aaab8b448da2fc7f98f3617dff5f7f52)] -> xpath: //select[@id='makes']]
2022-05-18 18:05:545 INFO  NewAndUsedCarSearch :52 - Click on Car Model : [[ChromeDriver: chrome on WINDOWS (aaab8b448da2fc7f98f3617dff5f7f52)] -> xpath: //select[@id='models']]
2022-05-18 18:05:619 INFO  NewAndUsedCarSearch :57 - Click on Location : [[ChromeDriver: chrome on WINDOWS (aaab8b448da2fc7f98f3617dff5f7f52)] -> xpath: //select[@id='locations']]
2022-05-18 18:05:691 INFO  NewAndUsedCarSearch :62 - Click on Price : [[ChromeDriver: chrome on WINDOWS (aaab8b448da2fc7f98f3617dff5f7f52)] -> xpath: //select[@id='priceTo']]
2022-05-18 18:05:65 INFO  NewAndUsedCarSearch :67 - Click on find my next Car Button : [[ChromeDriver: chrome on WINDOWS (aaab8b448da2fc7f98f3617dff5f7f52)] -> xpath: //input[@id='search-submit']]
2022-05-18 18:05:87 INFO  Result :26 - Getting a Result for Verification : [[ChromeDriver: chrome on WINDOWS (aaab8b448da2fc7f98f3617dff5f7f52)] -> xpath: //h1[@class='listing-search-title']]
2022-05-18 18:05:593 INFO  HomePage :32 - Mouse Hover to Buy+Sell Tab [[ChromeDriver: chrome on WINDOWS (9d2c561cbb176fc68ed1952c96134956)] -> xpath: //a[contains(text(),'buy + sell')]]
2022-05-18 18:05:692 INFO  HomePage :37 - Click on Search Cars [[ChromeDriver: chrome on WINDOWS (9d2c561cbb176fc68ed1952c96134956)] -> xpath: //a[contains(text(),'Search Cars')]]
2022-05-18 18:05:608 INFO  NewAndUsedCarSearch :41 - Getting a Page Header for Verification : [[ChromeDriver: chrome on WINDOWS (9d2c561cbb176fc68ed1952c96134956)] -> xpath: //div[@class='heading main-heading item-ad-wrapper ']/h1]
2022-05-18 18:05:671 INFO  NewAndUsedCarSearch :47 - Click on Car Make : [[ChromeDriver: chrome on WINDOWS (9d2c561cbb176fc68ed1952c96134956)] -> xpath: //select[@id='makes']]
2022-05-18 18:05:778 INFO  NewAndUsedCarSearch :52 - Click on Car Model : [[ChromeDriver: chrome on WINDOWS (9d2c561cbb176fc68ed1952c96134956)] -> xpath: //select[@id='models']]
2022-05-18 18:05:842 INFO  NewAndUsedCarSearch :57 - Click on Location : [[ChromeDriver: chrome on WINDOWS (9d2c561cbb176fc68ed1952c96134956)] -> xpath: //select[@id='locations']]
2022-05-18 18:05:909 INFO  NewAndUsedCarSearch :62 - Click on Price : [[ChromeDriver: chrome on WINDOWS (9d2c561cbb176fc68ed1952c96134956)] -> xpath: //select[@id='priceTo']]
2022-05-18 18:05:974 INFO  NewAndUsedCarSearch :67 - Click on find my next Car Button : [[ChromeDriver: chrome on WINDOWS (9d2c561cbb176fc68ed1952c96134956)] -> xpath: //input[@id='search-submit']]
2022-05-18 18:05:952 INFO  Result :26 - Getting a Result for Verification : [[ChromeDriver: chrome on WINDOWS (9d2c561cbb176fc68ed1952c96134956)] -> xpath: //h1[@class='listing-search-title']]
2022-05-18 18:05:165 INFO  HomePage :32 - Mouse Hover to Buy+Sell Tab [[ChromeDriver: chrome on WINDOWS (bb1d527c89514a24e169e0336d5e122c)] -> xpath: //a[contains(text(),'buy + sell')]]
2022-05-18 18:05:249 INFO  HomePage :37 - Click on Search Cars [[ChromeDriver: chrome on WINDOWS (bb1d527c89514a24e169e0336d5e122c)] -> xpath: //a[contains(text(),'Search Cars')]]
2022-05-18 18:05:31 INFO  NewAndUsedCarSearch :41 - Getting a Page Header for Verification : [[ChromeDriver: chrome on WINDOWS (bb1d527c89514a24e169e0336d5e122c)] -> xpath: //div[@class='heading main-heading item-ad-wrapper ']/h1]
2022-05-18 18:05:877 INFO  NewAndUsedCarSearch :47 - Click on Car Make : [[ChromeDriver: chrome on WINDOWS (bb1d527c89514a24e169e0336d5e122c)] -> xpath: //select[@id='makes']]
2022-05-18 18:05:956 INFO  NewAndUsedCarSearch :52 - Click on Car Model : [[ChromeDriver: chrome on WINDOWS (bb1d527c89514a24e169e0336d5e122c)] -> xpath: //select[@id='models']]
2022-05-18 18:05:22 INFO  NewAndUsedCarSearch :57 - Click on Location : [[ChromeDriver: chrome on WINDOWS (bb1d527c89514a24e169e0336d5e122c)] -> xpath: //select[@id='locations']]
2022-05-18 18:05:88 INFO  NewAndUsedCarSearch :62 - Click on Price : [[ChromeDriver: chrome on WINDOWS (bb1d527c89514a24e169e0336d5e122c)] -> xpath: //select[@id='priceTo']]
2022-05-18 18:05:391 INFO  NewAndUsedCarSearch :67 - Click on find my next Car Button : [[ChromeDriver: chrome on WINDOWS (bb1d527c89514a24e169e0336d5e122c)] -> xpath: //input[@id='search-submit']]
2022-05-18 18:05:415 INFO  Result :26 - Getting a Result for Verification : [[ChromeDriver: chrome on WINDOWS (bb1d527c89514a24e169e0336d5e122c)] -> xpath: //h1[@class='listing-search-title']]
2022-05-18 18:05:980 INFO  HomePage :32 - Mouse Hover to Buy+Sell Tab [[ChromeDriver: chrome on WINDOWS (3bf9b79f2b8551e187f6c4d03c068ae5)] -> xpath: //a[contains(text(),'buy + sell')]]
2022-05-18 18:05:86 INFO  HomePage :37 - Click on Search Cars [[ChromeDriver: chrome on WINDOWS (3bf9b79f2b8551e187f6c4d03c068ae5)] -> xpath: //a[contains(text(),'Search Cars')]]
2022-05-18 18:05:275 INFO  NewAndUsedCarSearch :41 - Getting a Page Header for Verification : [[ChromeDriver: chrome on WINDOWS (3bf9b79f2b8551e187f6c4d03c068ae5)] -> xpath: //div[@class='heading main-heading item-ad-wrapper ']/h1]
2022-05-18 18:05:410 INFO  NewAndUsedCarSearch :47 - Click on Car Make : [[ChromeDriver: chrome on WINDOWS (3bf9b79f2b8551e187f6c4d03c068ae5)] -> xpath: //select[@id='makes']]
2022-05-18 18:05:598 INFO  NewAndUsedCarSearch :52 - Click on Car Model : [[ChromeDriver: chrome on WINDOWS (3bf9b79f2b8551e187f6c4d03c068ae5)] -> xpath: //select[@id='models']]
2022-05-18 18:05:783 INFO  NewAndUsedCarSearch :57 - Click on Location : [[ChromeDriver: chrome on WINDOWS (3bf9b79f2b8551e187f6c4d03c068ae5)] -> xpath: //select[@id='locations']]
2022-05-18 18:05:851 INFO  NewAndUsedCarSearch :62 - Click on Price : [[ChromeDriver: chrome on WINDOWS (3bf9b79f2b8551e187f6c4d03c068ae5)] -> xpath: //select[@id='priceTo']]
2022-05-18 18:05:926 INFO  NewAndUsedCarSearch :67 - Click on find my next Car Button : [[ChromeDriver: chrome on WINDOWS (3bf9b79f2b8551e187f6c4d03c068ae5)] -> xpath: //input[@id='search-submit']]
2022-05-18 18:05:424 INFO  Result :26 - Getting a Result for Verification : [[ChromeDriver: chrome on WINDOWS (3bf9b79f2b8551e187f6c4d03c068ae5)] -> xpath: //h1[@class='listing-search-title']]
2022-05-18 19:05:835 INFO  HomePage :32 - Mouse Hover to Buy+Sell Tab [[ChromeDriver: chrome on WINDOWS (05ded7920acbafbf8ffab61205a78719)] -> xpath: //a[contains(text(),'buy + sell')]]
2022-05-18 19:05:390 INFO  HomePage :42 - Click on Used Cars [[ChromeDriver: chrome on WINDOWS (05ded7920acbafbf8ffab61205a78719)] -> xpath: //div[@class='uhf-child-content']//a[contains(text(),'Used')]]
2022-05-18 19:05:414 INFO  UsedCarSearch :40 - Getting a Page Header for Verification : [[ChromeDriver: chrome on WINDOWS (05ded7920acbafbf8ffab61205a78719)] -> xpath: //div[@class='heading main-heading item-ad-wrapper ']/h1]
2022-05-18 19:05:492 INFO  UsedCarSearch :46 - Click on Car Make : [[ChromeDriver: chrome on WINDOWS (05ded7920acbafbf8ffab61205a78719)] -> xpath: //select[@id='makes']]
2022-05-18 19:05:689 INFO  UsedCarSearch :51 - Click on Car Model : [[ChromeDriver: chrome on WINDOWS (05ded7920acbafbf8ffab61205a78719)] -> xpath: //select[@id='models']]
2022-05-18 19:05:755 INFO  UsedCarSearch :56 - Click on Location : [[ChromeDriver: chrome on WINDOWS (05ded7920acbafbf8ffab61205a78719)] -> xpath: //select[@id='locations']]
2022-05-18 19:05:829 INFO  UsedCarSearch :61 - Click on Price : [[ChromeDriver: chrome on WINDOWS (05ded7920acbafbf8ffab61205a78719)] -> xpath: //select[@id='priceTo']]
2022-05-18 19:05:894 INFO  UsedCarSearch :66 - Click on find my next Car Button : [[ChromeDriver: chrome on WINDOWS (05ded7920acbafbf8ffab61205a78719)] -> xpath: //input[@id='search-submit']]
2022-05-18 19:05:784 INFO  Result :26 - Getting a Result for Verification : [[ChromeDriver: chrome on WINDOWS (05ded7920acbafbf8ffab61205a78719)] -> xpath: //h1[@class='listing-search-title']]
2022-05-18 19:05:855 INFO  HomePage :32 - Mouse Hover to Buy+Sell Tab [[ChromeDriver: chrome on WINDOWS (bd7bf950524ad664ef4806b70dd5f161)] -> xpath: //a[contains(text(),'buy + sell')]]
2022-05-18 19:05:948 INFO  HomePage :42 - Click on Used Cars [[ChromeDriver: chrome on WINDOWS (bd7bf950524ad664ef4806b70dd5f161)] -> xpath: //div[@class='uhf-child-content']//a[contains(text(),'Used')]]
2022-05-18 19:05:396 INFO  UsedCarSearch :40 - Getting a Page Header for Verification : [[ChromeDriver: chrome on WINDOWS (bd7bf950524ad664ef4806b70dd5f161)] -> xpath: //div[@class='heading main-heading item-ad-wrapper ']/h1]
2022-05-18 19:05:546 INFO  UsedCarSearch :46 - Click on Car Make : [[ChromeDriver: chrome on WINDOWS (bd7bf950524ad664ef4806b70dd5f161)] -> xpath: //select[@id='makes']]
2022-05-18 19:05:638 INFO  UsedCarSearch :51 - Click on Car Model : [[ChromeDriver: chrome on WINDOWS (bd7bf950524ad664ef4806b70dd5f161)] -> xpath: //select[@id='models']]
2022-05-18 19:05:702 INFO  UsedCarSearch :56 - Click on Location : [[ChromeDriver: chrome on WINDOWS (bd7bf950524ad664ef4806b70dd5f161)] -> xpath: //select[@id='locations']]
2022-05-18 19:05:771 INFO  UsedCarSearch :61 - Click on Price : [[ChromeDriver: chrome on WINDOWS (bd7bf950524ad664ef4806b70dd5f161)] -> xpath: //select[@id='priceTo']]
2022-05-18 19:05:628 INFO  UsedCarSearch :66 - Click on find my next Car Button : [[ChromeDriver: chrome on WINDOWS (bd7bf950524ad664ef4806b70dd5f161)] -> xpath: //input[@id='search-submit']]
2022-05-18 19:05:732 INFO  Result :26 - Getting a Result for Verification : [[ChromeDriver: chrome on WINDOWS (bd7bf950524ad664ef4806b70dd5f161)] -> xpath: //h1[@class='listing-search-title']]
2022-05-18 19:05:139 INFO  HomePage :32 - Mouse Hover to Buy+Sell Tab [[ChromeDriver: chrome on WINDOWS (616b056eb1ac648523c4a90defcd4eb0)] -> xpath: //a[contains(text(),'buy + sell')]]
2022-05-18 19:05:235 INFO  HomePage :42 - Click on Used Cars [[ChromeDriver: chrome on WINDOWS (616b056eb1ac648523c4a90defcd4eb0)] -> xpath: //div[@class='uhf-child-content']//a[contains(text(),'Used')]]
2022-05-18 19:05:920 INFO  UsedCarSearch :40 - Getting a Page Header for Verification : [[ChromeDriver: chrome on WINDOWS (616b056eb1ac648523c4a90defcd4eb0)] -> xpath: //div[@class='heading main-heading item-ad-wrapper ']/h1]
2022-05-18 19:05:133 INFO  UsedCarSearch :46 - Click on Car Make : [[ChromeDriver: chrome on WINDOWS (616b056eb1ac648523c4a90defcd4eb0)] -> xpath: //select[@id='makes']]
2022-05-18 19:05:323 INFO  UsedCarSearch :51 - Click on Car Model : [[ChromeDriver: chrome on WINDOWS (616b056eb1ac648523c4a90defcd4eb0)] -> xpath: //select[@id='models']]
2022-05-18 19:05:394 INFO  UsedCarSearch :56 - Click on Location : [[ChromeDriver: chrome on WINDOWS (616b056eb1ac648523c4a90defcd4eb0)] -> xpath: //select[@id='locations']]
2022-05-18 19:05:461 INFO  UsedCarSearch :61 - Click on Price : [[ChromeDriver: chrome on WINDOWS (616b056eb1ac648523c4a90defcd4eb0)] -> xpath: //select[@id='priceTo']]
2022-05-18 19:05:523 INFO  UsedCarSearch :66 - Click on find my next Car Button : [[ChromeDriver: chrome on WINDOWS (616b056eb1ac648523c4a90defcd4eb0)] -> xpath: //input[@id='search-submit']]
2022-05-18 19:05:925 INFO  Result :26 - Getting a Result for Verification : [[ChromeDriver: chrome on WINDOWS (616b056eb1ac648523c4a90defcd4eb0)] -> xpath: //h1[@class='listing-search-title']]
2022-05-18 19:05:814 INFO  HomePage :32 - Mouse Hover to Buy+Sell Tab [[ChromeDriver: chrome on WINDOWS (82ab0b783cd7fa8b6df3396b8be43e2c)] -> xpath: //a[contains(text(),'buy + sell')]]
2022-05-18 19:05:905 INFO  HomePage :42 - Click on Used Cars [[ChromeDriver: chrome on WINDOWS (82ab0b783cd7fa8b6df3396b8be43e2c)] -> xpath: //div[@class='uhf-child-content']//a[contains(text(),'Used')]]
2022-05-18 19:05:733 INFO  UsedCarSearch :40 - Getting a Page Header for Verification : [[ChromeDriver: chrome on WINDOWS (82ab0b783cd7fa8b6df3396b8be43e2c)] -> xpath: //div[@class='heading main-heading item-ad-wrapper ']/h1]
2022-05-18 19:05:34 INFO  UsedCarSearch :46 - Click on Car Make : [[ChromeDriver: chrome on WINDOWS (82ab0b783cd7fa8b6df3396b8be43e2c)] -> xpath: //select[@id='makes']]
2022-05-18 19:05:223 INFO  UsedCarSearch :51 - Click on Car Model : [[ChromeDriver: chrome on WINDOWS (82ab0b783cd7fa8b6df3396b8be43e2c)] -> xpath: //select[@id='models']]
2022-05-18 19:05:316 INFO  UsedCarSearch :56 - Click on Location : [[ChromeDriver: chrome on WINDOWS (82ab0b783cd7fa8b6df3396b8be43e2c)] -> xpath: //select[@id='locations']]
2022-05-18 19:05:410 INFO  UsedCarSearch :61 - Click on Price : [[ChromeDriver: chrome on WINDOWS (82ab0b783cd7fa8b6df3396b8be43e2c)] -> xpath: //select[@id='priceTo']]
2022-05-18 19:05:477 INFO  UsedCarSearch :66 - Click on find my next Car Button : [[ChromeDriver: chrome on WINDOWS (82ab0b783cd7fa8b6df3396b8be43e2c)] -> xpath: //input[@id='search-submit']]
2022-05-18 19:05:676 INFO  Result :26 - Getting a Result for Verification : [[ChromeDriver: chrome on WINDOWS (82ab0b783cd7fa8b6df3396b8be43e2c)] -> xpath: //h1[@class='listing-search-title']]
2022-05-18 19:05:655 INFO  HomePage :32 - Mouse Hover to Buy+Sell Tab [[ChromeDriver: chrome on WINDOWS (605b4c40d91d14481a09a94738253a47)] -> xpath: //a[contains(text(),'buy + sell')]]
2022-05-18 19:05:743 INFO  HomePage :42 - Click on Used Cars [[ChromeDriver: chrome on WINDOWS (605b4c40d91d14481a09a94738253a47)] -> xpath: //div[@class='uhf-child-content']//a[contains(text(),'Used')]]
2022-05-18 19:05:384 INFO  UsedCarSearch :40 - Getting a Page Header for Verification : [[ChromeDriver: chrome on WINDOWS (605b4c40d91d14481a09a94738253a47)] -> xpath: //div[@class='heading main-heading item-ad-wrapper ']/h1]
2022-05-18 19:05:522 INFO  UsedCarSearch :46 - Click on Car Make : [[ChromeDriver: chrome on WINDOWS (605b4c40d91d14481a09a94738253a47)] -> xpath: //select[@id='makes']]
2022-05-18 19:05:821 INFO  UsedCarSearch :51 - Click on Car Model : [[ChromeDriver: chrome on WINDOWS (605b4c40d91d14481a09a94738253a47)] -> xpath: //select[@id='models']]
2022-05-18 19:05:906 INFO  UsedCarSearch :56 - Click on Location : [[ChromeDriver: chrome on WINDOWS (605b4c40d91d14481a09a94738253a47)] -> xpath: //select[@id='locations']]
2022-05-18 19:05:972 INFO  UsedCarSearch :61 - Click on Price : [[ChromeDriver: chrome on WINDOWS (605b4c40d91d14481a09a94738253a47)] -> xpath: //select[@id='priceTo']]
2022-05-18 19:05:39 INFO  UsedCarSearch :66 - Click on find my next Car Button : [[ChromeDriver: chrome on WINDOWS (605b4c40d91d14481a09a94738253a47)] -> xpath: //input[@id='search-submit']]
2022-05-18 19:05:152 INFO  Result :26 - Getting a Result for Verification : [[ChromeDriver: chrome on WINDOWS (605b4c40d91d14481a09a94738253a47)] -> xpath: //h1[@class='listing-search-title']]
2022-05-18 19:05:534 INFO  HomePage :32 - Mouse Hover to Buy+Sell Tab [[ChromeDriver: chrome on WINDOWS (0ac73515de955ff722883e2eea983da7)] -> xpath: //a[contains(text(),'buy + sell')]]
2022-05-18 19:05:120 INFO  HomePage :42 - Click on Used Cars [[ChromeDriver: chrome on WINDOWS (0ac73515de955ff722883e2eea983da7)] -> xpath: //div[@class='uhf-child-content']//a[contains(text(),'Used')]]
2022-05-18 19:05:196 INFO  UsedCarSearch :40 - Getting a Page Header for Verification : [[ChromeDriver: chrome on WINDOWS (0ac73515de955ff722883e2eea983da7)] -> xpath: //div[@class='heading main-heading item-ad-wrapper ']/h1]
2022-05-18 19:05:275 INFO  UsedCarSearch :46 - Click on Car Make : [[ChromeDriver: chrome on WINDOWS (0ac73515de955ff722883e2eea983da7)] -> xpath: //select[@id='makes']]
2022-05-18 19:05:347 INFO  UsedCarSearch :51 - Click on Car Model : [[ChromeDriver: chrome on WINDOWS (0ac73515de955ff722883e2eea983da7)] -> xpath: //select[@id='models']]
2022-05-18 19:05:415 INFO  UsedCarSearch :56 - Click on Location : [[ChromeDriver: chrome on WINDOWS (0ac73515de955ff722883e2eea983da7)] -> xpath: //select[@id='locations']]
2022-05-18 19:05:475 INFO  UsedCarSearch :61 - Click on Price : [[ChromeDriver: chrome on WINDOWS (0ac73515de955ff722883e2eea983da7)] -> xpath: //select[@id='priceTo']]
2022-05-18 19:05:566 INFO  UsedCarSearch :66 - Click on find my next Car Button : [[ChromeDriver: chrome on WINDOWS (0ac73515de955ff722883e2eea983da7)] -> xpath: //input[@id='search-submit']]
2022-05-18 19:05:384 INFO  Result :26 - Getting a Result for Verification : [[ChromeDriver: chrome on WINDOWS (0ac73515de955ff722883e2eea983da7)] -> xpath: //h1[@class='listing-search-title']]
